2019-03-10 17:57:28,097 - 
2019-03-10 17:57:28,097 - DfFlutistLog4JLogSystem initialized using logfile './log/velocity.log'
2019-03-10 17:57:28,098 - Initializing Velocity, Calling init()...
2019-03-10 17:57:28,098 - *******************************************************************
2019-03-10 17:57:28,098 - Starting Apache Velocity v1.7 (compiled: 2010-11-19 12:14:37)
2019-03-10 17:57:28,098 - RuntimeInstance initializing.
2019-03-10 17:57:28,098 - Default Properties File: org/apache/velocity/runtime/defaults/velocity.properties
2019-03-10 17:57:28,098 - Trying to use logger class org.dbflute.friends.velocity.DfFlutistLog4JLogSystem
2019-03-10 17:57:28,098 - Using logger class org.dbflute.friends.velocity.DfFlutistLog4JLogSystem
2019-03-10 17:57:28,101 - Default ResourceManager initializing. (class org.apache.velocity.runtime.resource.ResourceManagerImpl)
2019-03-10 17:57:28,107 - ResourceLoader instantiated: org.apache.velocity.runtime.resource.loader.FileResourceLoader
2019-03-10 17:57:28,111 - FileResourceLoader : initialization starting.
2019-03-10 17:57:28,111 - Do unicode file recognition:  false
2019-03-10 17:57:28,111 - FileResourceLoader : adding path '/Users/ryohei/works/java/spring-dbflute-base/mydbflute/dbflute-1.1.9/templates'
2019-03-10 17:57:28,111 - FileResourceLoader : initialization complete.
2019-03-10 17:57:28,142 - ResourceCache: initialized (class org.apache.velocity.runtime.resource.ResourceCacheImpl) with class java.util.Collections$SynchronizedMap cache map.
2019-03-10 17:57:28,142 - Default ResourceManager initialization complete.
2019-03-10 17:57:28,147 - Loaded System Directive: org.apache.velocity.runtime.directive.Stop
2019-03-10 17:57:28,150 - Loaded System Directive: org.apache.velocity.runtime.directive.Define
2019-03-10 17:57:28,151 - Loaded System Directive: org.apache.velocity.runtime.directive.Break
2019-03-10 17:57:28,152 - Loaded System Directive: org.apache.velocity.runtime.directive.Evaluate
2019-03-10 17:57:28,153 - Loaded System Directive: org.apache.velocity.runtime.directive.Literal
2019-03-10 17:57:28,155 - Loaded System Directive: org.apache.velocity.runtime.directive.Macro
2019-03-10 17:57:28,157 - Loaded System Directive: org.apache.velocity.runtime.directive.Parse
2019-03-10 17:57:28,158 - Loaded System Directive: org.apache.velocity.runtime.directive.Include
2019-03-10 17:57:28,160 - Loaded System Directive: org.apache.velocity.runtime.directive.Foreach
2019-03-10 17:57:28,222 - Created '20' parsers.
2019-03-10 17:57:28,235 - Velocimacro : initialization starting.
2019-03-10 17:57:28,235 - Velocimacro : "velocimacro.library" is not set.  Trying default library: VM_global_library.vm
2019-03-10 17:57:28,236 - Velocimacro : Default library not found.
2019-03-10 17:57:28,236 - Velocimacro : allowInline = true : VMs can be defined inline in templates
2019-03-10 17:57:28,236 - Velocimacro : allowInlineToOverride = false : VMs defined inline may NOT replace previous VM definitions
2019-03-10 17:57:28,236 - Velocimacro : allowInlineLocal = false : VMs defined inline will be global in scope if allowed.
2019-03-10 17:57:28,236 - Velocimacro : autoload off : VM system will not automatically reload global library macros
2019-03-10 17:57:28,236 - Velocimacro : Velocimacro : initialization complete.
2019-03-10 17:57:28,236 - RuntimeInstance successfully initialized.
2019-03-10 17:57:28,286 - ResourceManager : found doc/ControlDocument.vm with loader org.apache.velocity.runtime.resource.loader.FileResourceLoader
2019-03-10 17:57:28,457 - Velocimacro : added VM escape: source=doc/html/datamodel.vm
2019-03-10 17:57:28,458 - ResourceManager : found doc/html/datamodel.vm with loader org.apache.velocity.runtime.resource.loader.FileResourceLoader
2019-03-10 17:57:28,606 - ResourceManager : found doc/html/table.vm with loader org.apache.velocity.runtime.resource.loader.FileResourceLoader
2019-03-10 17:57:28,642 - ResourceManager : found doc/html/table.vm with loader org.apache.velocity.runtime.resource.loader.FileResourceLoader
2019-03-10 17:57:28,669 - ResourceManager : found doc/html/table.vm with loader org.apache.velocity.runtime.resource.loader.FileResourceLoader
2019-03-10 17:57:28,681 - ResourceManager : found doc/html/table.vm with loader org.apache.velocity.runtime.resource.loader.FileResourceLoader
2019-03-10 17:57:28,691 - ResourceManager : found doc/html/table.vm with loader org.apache.velocity.runtime.resource.loader.FileResourceLoader
2019-03-10 17:57:28,707 - ResourceManager : found doc/html/table.vm with loader org.apache.velocity.runtime.resource.loader.FileResourceLoader
2019-03-10 17:57:28,722 - ResourceManager : found doc/html/table.vm with loader org.apache.velocity.runtime.resource.loader.FileResourceLoader
2019-03-10 17:57:28,738 - ResourceManager : found doc/html/table.vm with loader org.apache.velocity.runtime.resource.loader.FileResourceLoader
2019-03-10 17:57:28,760 - ResourceManager : found doc/html/table.vm with loader org.apache.velocity.runtime.resource.loader.FileResourceLoader
2019-03-10 17:57:28,778 - ResourceManager : found doc/html/table.vm with loader org.apache.velocity.runtime.resource.loader.FileResourceLoader
2019-03-10 17:57:28,787 - ResourceManager : found doc/html/table.vm with loader org.apache.velocity.runtime.resource.loader.FileResourceLoader
2019-03-10 17:57:28,805 - ResourceManager : found doc/html/table.vm with loader org.apache.velocity.runtime.resource.loader.FileResourceLoader
2019-03-10 17:57:28,819 - ResourceManager : found doc/html/table.vm with loader org.apache.velocity.runtime.resource.loader.FileResourceLoader
2019-03-10 17:57:28,833 - ResourceManager : found doc/html/table.vm with loader org.apache.velocity.runtime.resource.loader.FileResourceLoader
2019-03-10 17:57:28,838 - ResourceManager : found doc/html/table.vm with loader org.apache.velocity.runtime.resource.loader.FileResourceLoader
2019-03-10 17:57:28,849 - ResourceManager : found doc/html/table.vm with loader org.apache.velocity.runtime.resource.loader.FileResourceLoader
2019-03-10 17:57:28,879 - Velocimacro : VM addition rejected : escape : inline not allowed to replace existing VM
2019-03-10 17:57:28,879 - ResourceManager : found doc/html/diffmodel.vm with loader org.apache.velocity.runtime.resource.loader.FileResourceLoader
2019-03-10 17:57:31,625 - 
2019-03-10 17:57:31,626 - DfFlutistLog4JLogSystem initialized using logfile './log/velocity.log'
2019-03-10 17:57:31,626 - Initializing Velocity, Calling init()...
2019-03-10 17:57:31,626 - *******************************************************************
2019-03-10 17:57:31,626 - Starting Apache Velocity v1.7 (compiled: 2010-11-19 12:14:37)
2019-03-10 17:57:31,626 - RuntimeInstance initializing.
2019-03-10 17:57:31,626 - Default Properties File: org/apache/velocity/runtime/defaults/velocity.properties
2019-03-10 17:57:31,626 - Trying to use logger class org.dbflute.friends.velocity.DfFlutistLog4JLogSystem
2019-03-10 17:57:31,626 - Using logger class org.dbflute.friends.velocity.DfFlutistLog4JLogSystem
2019-03-10 17:57:31,627 - Default ResourceManager initializing. (class org.apache.velocity.runtime.resource.ResourceManagerImpl)
2019-03-10 17:57:31,630 - ResourceLoader instantiated: org.apache.velocity.runtime.resource.loader.FileResourceLoader
2019-03-10 17:57:31,631 - FileResourceLoader : initialization starting.
2019-03-10 17:57:31,631 - Do unicode file recognition:  false
2019-03-10 17:57:31,631 - FileResourceLoader : adding path '/Users/ryohei/works/java/spring-dbflute-base/mydbflute/dbflute-1.1.9/templates'
2019-03-10 17:57:31,631 - FileResourceLoader : initialization complete.
2019-03-10 17:57:31,641 - ResourceCache: initialized (class org.apache.velocity.runtime.resource.ResourceCacheImpl) with class java.util.Collections$SynchronizedMap cache map.
2019-03-10 17:57:31,641 - Default ResourceManager initialization complete.
2019-03-10 17:57:31,642 - Loaded System Directive: org.apache.velocity.runtime.directive.Stop
2019-03-10 17:57:31,643 - Loaded System Directive: org.apache.velocity.runtime.directive.Define
2019-03-10 17:57:31,644 - Loaded System Directive: org.apache.velocity.runtime.directive.Break
2019-03-10 17:57:31,644 - Loaded System Directive: org.apache.velocity.runtime.directive.Evaluate
2019-03-10 17:57:31,645 - Loaded System Directive: org.apache.velocity.runtime.directive.Literal
2019-03-10 17:57:31,646 - Loaded System Directive: org.apache.velocity.runtime.directive.Macro
2019-03-10 17:57:31,648 - Loaded System Directive: org.apache.velocity.runtime.directive.Parse
2019-03-10 17:57:31,649 - Loaded System Directive: org.apache.velocity.runtime.directive.Include
2019-03-10 17:57:31,650 - Loaded System Directive: org.apache.velocity.runtime.directive.Foreach
2019-03-10 17:57:31,681 - Created '20' parsers.
2019-03-10 17:57:31,686 - Velocimacro : initialization starting.
2019-03-10 17:57:31,687 - Velocimacro : "velocimacro.library" is not set.  Trying default library: VM_global_library.vm
2019-03-10 17:57:31,687 - Velocimacro : Default library not found.
2019-03-10 17:57:31,687 - Velocimacro : allowInline = true : VMs can be defined inline in templates
2019-03-10 17:57:31,687 - Velocimacro : allowInlineToOverride = false : VMs defined inline may NOT replace previous VM definitions
2019-03-10 17:57:31,687 - Velocimacro : allowInlineLocal = false : VMs defined inline will be global in scope if allowed.
2019-03-10 17:57:31,687 - Velocimacro : autoload off : VM system will not automatically reload global library macros
2019-03-10 17:57:31,687 - Velocimacro : Velocimacro : initialization complete.
2019-03-10 17:57:31,687 - RuntimeInstance successfully initialized.
2019-03-10 17:57:31,845 - ResourceManager : found om/ControlGenerateJava.vm with loader org.apache.velocity.runtime.resource.loader.FileResourceLoader
2019-03-10 17:57:31,950 - ResourceManager : found om/java/allcommon/DBCurrent.vm with loader org.apache.velocity.runtime.resource.loader.FileResourceLoader
2019-03-10 17:57:31,966 - ResourceManager : found om/java/allcommon/DBFluteConfig.vm with loader org.apache.velocity.runtime.resource.loader.FileResourceLoader
2019-03-10 17:57:31,978 - Null reference [template 'om/java/allcommon/DBFluteConfig.vm', line 1158, column 59] : $PoolGuardConnectionWrapper cannot be resolved.
2019-03-10 17:57:31,992 - ResourceManager : found om/java/allcommon/DBFluteInitializer.vm with loader org.apache.velocity.runtime.resource.loader.FileResourceLoader
2019-03-10 17:57:31,999 - ResourceManager : found om/java/allcommon/DBMetaInstanceHandler.vm with loader org.apache.velocity.runtime.resource.loader.FileResourceLoader
2019-03-10 17:57:32,046 - ResourceManager : found om/java/allcommon/EntityDefinedCommonColumn.vm with loader org.apache.velocity.runtime.resource.loader.FileResourceLoader
2019-03-10 17:57:32,054 - ResourceManager : found om/java/allcommon/ImplementedBehaviorSelector.vm with loader org.apache.velocity.runtime.resource.loader.FileResourceLoader
2019-03-10 17:57:32,122 - ResourceManager : found om/java/allcommon/ImplementedCommonColumnAutoSetupper.vm with loader org.apache.velocity.runtime.resource.loader.FileResourceLoader
2019-03-10 17:57:32,134 - ResourceManager : found om/java/allcommon/ImplementedInvokerAssistant.vm with loader org.apache.velocity.runtime.resource.loader.FileResourceLoader
2019-03-10 17:57:32,142 - ResourceManager : found om/java/allcommon/ImplementedSqlClauseCreator.vm with loader org.apache.velocity.runtime.resource.loader.FileResourceLoader
2019-03-10 17:57:32,158 - ResourceManager : found om/java/allcommon/container/spring/SpringDBFluteBeansJavaConfig.vm with loader org.apache.velocity.runtime.resource.loader.FileResourceLoader
2019-03-10 17:57:32,284 - Null reference [template 'om/ControlGenerateJava.vm', line 293, column 38] : ${glPackageExtendedDao} cannot be resolved.
2019-03-10 17:57:32,284 - Null reference [template 'om/ControlGenerateJava.vm', line 296, column 34] : ${glPackageBaseDao} cannot be resolved.
2019-03-10 17:57:32,361 - ResourceManager : found om/java/bsbhv/BaseBhv.vm with loader org.apache.velocity.runtime.resource.loader.FileResourceLoader
2019-03-10 17:57:32,438 - ResourceManager : found om/java/bsbhv/ReferrerLoader.vm with loader org.apache.velocity.runtime.resource.loader.FileResourceLoader
2019-03-10 17:57:32,472 - ResourceManager : found om/java/bsentity/BaseEntity.vm with loader org.apache.velocity.runtime.resource.loader.FileResourceLoader
2019-03-10 17:57:32,537 - ResourceManager : found om/java/bsentity/dbmeta/DBMetaImpl.vm with loader org.apache.velocity.runtime.resource.loader.FileResourceLoader
2019-03-10 17:57:32,568 - ResourceManager : found om/java/exbhv/ExtendedBhv.vm with loader org.apache.velocity.runtime.resource.loader.FileResourceLoader
2019-03-10 17:57:32,572 - ResourceManager : found om/java/exentity/ExtendedEntity.vm with loader org.apache.velocity.runtime.resource.loader.FileResourceLoader
2019-03-10 17:57:32,592 - ResourceManager : found om/java/cbean/BsConditionBean.vm with loader org.apache.velocity.runtime.resource.loader.FileResourceLoader
2019-03-10 17:57:32,603 - Null reference [template 'om/java/cbean/BsConditionBean.vm', line 681, column 61] : ${relationMethodIdentityName} cannot be resolved.
2019-03-10 17:57:32,606 - Null reference [template 'om/java/cbean/BsConditionBean.vm', line 681, column 61] : ${relationMethodIdentityName} cannot be resolved.
2019-03-10 17:57:32,608 - Null reference [template 'om/java/cbean/BsConditionBean.vm', line 681, column 61] : ${relationMethodIdentityName} cannot be resolved.
2019-03-10 17:57:32,609 - Null reference [template 'om/java/cbean/BsConditionBean.vm', line 681, column 61] : ${relationMethodIdentityName} cannot be resolved.
2019-03-10 17:57:32,610 - Null reference [template 'om/java/cbean/BsConditionBean.vm', line 681, column 61] : ${relationMethodIdentityName} cannot be resolved.
2019-03-10 17:57:32,639 - ResourceManager : found om/java/cbean/AbstractBsConditionQuery.vm with loader org.apache.velocity.runtime.resource.loader.FileResourceLoader
2019-03-10 17:57:32,642 - RHS of #set statement is null. Context will not be modified. om/java/cbean/AbstractBsConditionQuery.vm[line 70, column 1]
2019-03-10 17:57:32,669 - RHS of #set statement is null. Context will not be modified. om/java/cbean/AbstractBsConditionQuery.vm[line 70, column 1]
2019-03-10 17:57:32,673 - RHS of #set statement is null. Context will not be modified. om/java/cbean/AbstractBsConditionQuery.vm[line 70, column 1]
2019-03-10 17:57:32,679 - RHS of #set statement is null. Context will not be modified. om/java/cbean/AbstractBsConditionQuery.vm[line 70, column 1]
2019-03-10 17:57:32,680 - RHS of #set statement is null. Context will not be modified. om/java/cbean/AbstractBsConditionQuery.vm[line 70, column 1]
2019-03-10 17:57:32,681 - RHS of #set statement is null. Context will not be modified. om/java/cbean/AbstractBsConditionQuery.vm[line 70, column 1]
2019-03-10 17:57:32,682 - RHS of #set statement is null. Context will not be modified. om/java/cbean/AbstractBsConditionQuery.vm[line 70, column 1]
2019-03-10 17:57:32,685 - RHS of #set statement is null. Context will not be modified. om/java/cbean/AbstractBsConditionQuery.vm[line 70, column 1]
2019-03-10 17:57:32,686 - RHS of #set statement is null. Context will not be modified. om/java/cbean/AbstractBsConditionQuery.vm[line 70, column 1]
2019-03-10 17:57:32,689 - RHS of #set statement is null. Context will not be modified. om/java/cbean/AbstractBsConditionQuery.vm[line 70, column 1]
2019-03-10 17:57:32,705 - ResourceManager : found om/java/cbean/BsConditionInlineQuery.vm with loader org.apache.velocity.runtime.resource.loader.FileResourceLoader
2019-03-10 17:57:32,706 - RHS of #set statement is null. Context will not be modified. om/java/cbean/BsConditionInlineQuery.vm[line 84, column 1]
2019-03-10 17:57:32,716 - RHS of #set statement is null. Context will not be modified. om/java/cbean/BsConditionInlineQuery.vm[line 84, column 1]
2019-03-10 17:57:32,716 - RHS of #set statement is null. Context will not be modified. om/java/cbean/BsConditionInlineQuery.vm[line 84, column 1]
2019-03-10 17:57:32,717 - RHS of #set statement is null. Context will not be modified. om/java/cbean/BsConditionInlineQuery.vm[line 84, column 1]
2019-03-10 17:57:32,717 - RHS of #set statement is null. Context will not be modified. om/java/cbean/BsConditionInlineQuery.vm[line 84, column 1]
2019-03-10 17:57:32,717 - RHS of #set statement is null. Context will not be modified. om/java/cbean/BsConditionInlineQuery.vm[line 84, column 1]
2019-03-10 17:57:32,717 - RHS of #set statement is null. Context will not be modified. om/java/cbean/BsConditionInlineQuery.vm[line 84, column 1]
2019-03-10 17:57:32,717 - RHS of #set statement is null. Context will not be modified. om/java/cbean/BsConditionInlineQuery.vm[line 84, column 1]
2019-03-10 17:57:32,717 - RHS of #set statement is null. Context will not be modified. om/java/cbean/BsConditionInlineQuery.vm[line 84, column 1]
2019-03-10 17:57:32,718 - RHS of #set statement is null. Context will not be modified. om/java/cbean/BsConditionInlineQuery.vm[line 84, column 1]
2019-03-10 17:57:32,737 - ResourceManager : found om/java/cbean/BsConditionQuery.vm with loader org.apache.velocity.runtime.resource.loader.FileResourceLoader
2019-03-10 17:57:32,738 - RHS of #set statement is null. Context will not be modified. om/java/cbean/BsConditionQuery.vm[line 104, column 1]
2019-03-10 17:57:32,755 - RHS of #set statement is null. Context will not be modified. om/java/cbean/BsConditionQuery.vm[line 104, column 1]
2019-03-10 17:57:32,757 - RHS of #set statement is null. Context will not be modified. om/java/cbean/BsConditionQuery.vm[line 104, column 1]
2019-03-10 17:57:32,758 - RHS of #set statement is null. Context will not be modified. om/java/cbean/BsConditionQuery.vm[line 104, column 1]
2019-03-10 17:57:32,758 - RHS of #set statement is null. Context will not be modified. om/java/cbean/BsConditionQuery.vm[line 104, column 1]
2019-03-10 17:57:32,759 - RHS of #set statement is null. Context will not be modified. om/java/cbean/BsConditionQuery.vm[line 104, column 1]
2019-03-10 17:57:32,761 - RHS of #set statement is null. Context will not be modified. om/java/cbean/BsConditionQuery.vm[line 104, column 1]
2019-03-10 17:57:32,761 - RHS of #set statement is null. Context will not be modified. om/java/cbean/BsConditionQuery.vm[line 104, column 1]
2019-03-10 17:57:32,761 - RHS of #set statement is null. Context will not be modified. om/java/cbean/BsConditionQuery.vm[line 104, column 1]
2019-03-10 17:57:32,762 - RHS of #set statement is null. Context will not be modified. om/java/cbean/BsConditionQuery.vm[line 104, column 1]
2019-03-10 17:57:32,771 - ResourceManager : found om/java/cbean/NestSelectSetupper.vm with loader org.apache.velocity.runtime.resource.loader.FileResourceLoader
2019-03-10 17:57:32,776 - ResourceManager : found om/java/cbean/ExConditionBean.vm with loader org.apache.velocity.runtime.resource.loader.FileResourceLoader
2019-03-10 17:57:32,778 - ResourceManager : found om/java/cbean/ExConditionQuery.vm with loader org.apache.velocity.runtime.resource.loader.FileResourceLoader
2019-03-10 17:57:32,779 - Null reference [template 'om/ControlGenerateJava.vm', line 293, column 38] : ${glPackageExtendedDao} cannot be resolved.
2019-03-10 17:57:32,779 - Null reference [template 'om/ControlGenerateJava.vm', line 296, column 34] : ${glPackageBaseDao} cannot be resolved.
2019-03-10 17:57:32,794 - ResourceManager : found om/java/bsbhv/BaseBhv.vm with loader org.apache.velocity.runtime.resource.loader.FileResourceLoader
2019-03-10 17:57:32,845 - ResourceManager : found om/java/bsbhv/ReferrerLoader.vm with loader org.apache.velocity.runtime.resource.loader.FileResourceLoader
2019-03-10 17:57:32,863 - ResourceManager : found om/java/bsentity/BaseEntity.vm with loader org.apache.velocity.runtime.resource.loader.FileResourceLoader
2019-03-10 17:57:32,923 - ResourceManager : found om/java/bsentity/dbmeta/DBMetaImpl.vm with loader org.apache.velocity.runtime.resource.loader.FileResourceLoader
2019-03-10 17:57:32,944 - ResourceManager : found om/java/exbhv/ExtendedBhv.vm with loader org.apache.velocity.runtime.resource.loader.FileResourceLoader
2019-03-10 17:57:32,946 - ResourceManager : found om/java/exentity/ExtendedEntity.vm with loader org.apache.velocity.runtime.resource.loader.FileResourceLoader
2019-03-10 17:57:32,954 - ResourceManager : found om/java/cbean/BsConditionBean.vm with loader org.apache.velocity.runtime.resource.loader.FileResourceLoader
2019-03-10 17:57:32,981 - ResourceManager : found om/java/cbean/AbstractBsConditionQuery.vm with loader org.apache.velocity.runtime.resource.loader.FileResourceLoader
2019-03-10 17:57:32,982 - RHS of #set statement is null. Context will not be modified. om/java/cbean/AbstractBsConditionQuery.vm[line 70, column 1]
2019-03-10 17:57:32,986 - RHS of #set statement is null. Context will not be modified. om/java/cbean/AbstractBsConditionQuery.vm[line 70, column 1]
2019-03-10 17:57:32,987 - RHS of #set statement is null. Context will not be modified. om/java/cbean/AbstractBsConditionQuery.vm[line 70, column 1]
2019-03-10 17:57:32,988 - RHS of #set statement is null. Context will not be modified. om/java/cbean/AbstractBsConditionQuery.vm[line 70, column 1]
2019-03-10 17:57:32,994 - RHS of #set statement is null. Context will not be modified. om/java/cbean/AbstractBsConditionQuery.vm[line 70, column 1]
2019-03-10 17:57:32,995 - RHS of #set statement is null. Context will not be modified. om/java/cbean/AbstractBsConditionQuery.vm[line 70, column 1]
2019-03-10 17:57:32,997 - RHS of #set statement is null. Context will not be modified. om/java/cbean/AbstractBsConditionQuery.vm[line 70, column 1]
2019-03-10 17:57:32,998 - RHS of #set statement is null. Context will not be modified. om/java/cbean/AbstractBsConditionQuery.vm[line 70, column 1]
2019-03-10 17:57:33,000 - RHS of #set statement is null. Context will not be modified. om/java/cbean/AbstractBsConditionQuery.vm[line 70, column 1]
2019-03-10 17:57:33,009 - ResourceManager : found om/java/cbean/BsConditionInlineQuery.vm with loader org.apache.velocity.runtime.resource.loader.FileResourceLoader
2019-03-10 17:57:33,009 - RHS of #set statement is null. Context will not be modified. om/java/cbean/BsConditionInlineQuery.vm[line 84, column 1]
2019-03-10 17:57:33,010 - RHS of #set statement is null. Context will not be modified. om/java/cbean/BsConditionInlineQuery.vm[line 84, column 1]
2019-03-10 17:57:33,010 - RHS of #set statement is null. Context will not be modified. om/java/cbean/BsConditionInlineQuery.vm[line 84, column 1]
2019-03-10 17:57:33,010 - RHS of #set statement is null. Context will not be modified. om/java/cbean/BsConditionInlineQuery.vm[line 84, column 1]
2019-03-10 17:57:33,010 - RHS of #set statement is null. Context will not be modified. om/java/cbean/BsConditionInlineQuery.vm[line 84, column 1]
2019-03-10 17:57:33,010 - RHS of #set statement is null. Context will not be modified. om/java/cbean/BsConditionInlineQuery.vm[line 84, column 1]
2019-03-10 17:57:33,010 - RHS of #set statement is null. Context will not be modified. om/java/cbean/BsConditionInlineQuery.vm[line 84, column 1]
2019-03-10 17:57:33,010 - RHS of #set statement is null. Context will not be modified. om/java/cbean/BsConditionInlineQuery.vm[line 84, column 1]
2019-03-10 17:57:33,010 - RHS of #set statement is null. Context will not be modified. om/java/cbean/BsConditionInlineQuery.vm[line 84, column 1]
2019-03-10 17:57:33,028 - ResourceManager : found om/java/cbean/BsConditionQuery.vm with loader org.apache.velocity.runtime.resource.loader.FileResourceLoader
2019-03-10 17:57:33,029 - RHS of #set statement is null. Context will not be modified. om/java/cbean/BsConditionQuery.vm[line 104, column 1]
2019-03-10 17:57:33,030 - RHS of #set statement is null. Context will not be modified. om/java/cbean/BsConditionQuery.vm[line 104, column 1]
2019-03-10 17:57:33,030 - RHS of #set statement is null. Context will not be modified. om/java/cbean/BsConditionQuery.vm[line 104, column 1]
2019-03-10 17:57:33,030 - RHS of #set statement is null. Context will not be modified. om/java/cbean/BsConditionQuery.vm[line 104, column 1]
2019-03-10 17:57:33,031 - RHS of #set statement is null. Context will not be modified. om/java/cbean/BsConditionQuery.vm[line 104, column 1]
2019-03-10 17:57:33,032 - RHS of #set statement is null. Context will not be modified. om/java/cbean/BsConditionQuery.vm[line 104, column 1]
2019-03-10 17:57:33,032 - RHS of #set statement is null. Context will not be modified. om/java/cbean/BsConditionQuery.vm[line 104, column 1]
2019-03-10 17:57:33,032 - RHS of #set statement is null. Context will not be modified. om/java/cbean/BsConditionQuery.vm[line 104, column 1]
2019-03-10 17:57:33,033 - RHS of #set statement is null. Context will not be modified. om/java/cbean/BsConditionQuery.vm[line 104, column 1]
2019-03-10 17:57:33,041 - ResourceManager : found om/java/cbean/NestSelectSetupper.vm with loader org.apache.velocity.runtime.resource.loader.FileResourceLoader
2019-03-10 17:57:33,044 - ResourceManager : found om/java/cbean/ExConditionBean.vm with loader org.apache.velocity.runtime.resource.loader.FileResourceLoader
2019-03-10 17:57:33,045 - ResourceManager : found om/java/cbean/ExConditionQuery.vm with loader org.apache.velocity.runtime.resource.loader.FileResourceLoader
2019-03-10 17:57:33,048 - Null reference [template 'om/ControlGenerateJava.vm', line 293, column 38] : ${glPackageExtendedDao} cannot be resolved.
2019-03-10 17:57:33,048 - Null reference [template 'om/ControlGenerateJava.vm', line 296, column 34] : ${glPackageBaseDao} cannot be resolved.
2019-03-10 17:57:33,057 - ResourceManager : found om/java/bsbhv/BaseBhv.vm with loader org.apache.velocity.runtime.resource.loader.FileResourceLoader
2019-03-10 17:57:33,124 - ResourceManager : found om/java/bsbhv/ReferrerLoader.vm with loader org.apache.velocity.runtime.resource.loader.FileResourceLoader
2019-03-10 17:57:33,144 - ResourceManager : found om/java/bsentity/BaseEntity.vm with loader org.apache.velocity.runtime.resource.loader.FileResourceLoader
2019-03-10 17:57:33,186 - ResourceManager : found om/java/bsentity/dbmeta/DBMetaImpl.vm with loader org.apache.velocity.runtime.resource.loader.FileResourceLoader
2019-03-10 17:57:33,203 - ResourceManager : found om/java/exbhv/ExtendedBhv.vm with loader org.apache.velocity.runtime.resource.loader.FileResourceLoader
2019-03-10 17:57:33,205 - ResourceManager : found om/java/exentity/ExtendedEntity.vm with loader org.apache.velocity.runtime.resource.loader.FileResourceLoader
2019-03-10 17:57:33,213 - ResourceManager : found om/java/cbean/BsConditionBean.vm with loader org.apache.velocity.runtime.resource.loader.FileResourceLoader
2019-03-10 17:57:33,235 - ResourceManager : found om/java/cbean/AbstractBsConditionQuery.vm with loader org.apache.velocity.runtime.resource.loader.FileResourceLoader
2019-03-10 17:57:33,235 - RHS of #set statement is null. Context will not be modified. om/java/cbean/AbstractBsConditionQuery.vm[line 70, column 1]
2019-03-10 17:57:33,242 - RHS of #set statement is null. Context will not be modified. om/java/cbean/AbstractBsConditionQuery.vm[line 70, column 1]
2019-03-10 17:57:33,247 - ResourceManager : found om/java/cbean/BsConditionInlineQuery.vm with loader org.apache.velocity.runtime.resource.loader.FileResourceLoader
2019-03-10 17:57:33,247 - RHS of #set statement is null. Context will not be modified. om/java/cbean/BsConditionInlineQuery.vm[line 84, column 1]
2019-03-10 17:57:33,248 - RHS of #set statement is null. Context will not be modified. om/java/cbean/BsConditionInlineQuery.vm[line 84, column 1]
2019-03-10 17:57:33,257 - ResourceManager : found om/java/cbean/BsConditionQuery.vm with loader org.apache.velocity.runtime.resource.loader.FileResourceLoader
2019-03-10 17:57:33,258 - RHS of #set statement is null. Context will not be modified. om/java/cbean/BsConditionQuery.vm[line 104, column 1]
2019-03-10 17:57:33,259 - RHS of #set statement is null. Context will not be modified. om/java/cbean/BsConditionQuery.vm[line 104, column 1]
2019-03-10 17:57:33,265 - ResourceManager : found om/java/cbean/NestSelectSetupper.vm with loader org.apache.velocity.runtime.resource.loader.FileResourceLoader
2019-03-10 17:57:33,268 - ResourceManager : found om/java/cbean/ExConditionBean.vm with loader org.apache.velocity.runtime.resource.loader.FileResourceLoader
2019-03-10 17:57:33,269 - ResourceManager : found om/java/cbean/ExConditionQuery.vm with loader org.apache.velocity.runtime.resource.loader.FileResourceLoader
2019-03-10 17:57:33,271 - Null reference [template 'om/ControlGenerateJava.vm', line 293, column 38] : ${glPackageExtendedDao} cannot be resolved.
2019-03-10 17:57:33,271 - Null reference [template 'om/ControlGenerateJava.vm', line 296, column 34] : ${glPackageBaseDao} cannot be resolved.
2019-03-10 17:57:33,283 - ResourceManager : found om/java/bsbhv/BaseBhv.vm with loader org.apache.velocity.runtime.resource.loader.FileResourceLoader
2019-03-10 17:57:33,309 - ResourceManager : found om/java/bsbhv/ReferrerLoader.vm with loader org.apache.velocity.runtime.resource.loader.FileResourceLoader
2019-03-10 17:57:33,320 - ResourceManager : found om/java/bsentity/BaseEntity.vm with loader org.apache.velocity.runtime.resource.loader.FileResourceLoader
2019-03-10 17:57:33,356 - ResourceManager : found om/java/bsentity/dbmeta/DBMetaImpl.vm with loader org.apache.velocity.runtime.resource.loader.FileResourceLoader
2019-03-10 17:57:33,373 - ResourceManager : found om/java/exbhv/ExtendedBhv.vm with loader org.apache.velocity.runtime.resource.loader.FileResourceLoader
2019-03-10 17:57:33,376 - ResourceManager : found om/java/exentity/ExtendedEntity.vm with loader org.apache.velocity.runtime.resource.loader.FileResourceLoader
2019-03-10 17:57:33,380 - ResourceManager : found om/java/cbean/BsConditionBean.vm with loader org.apache.velocity.runtime.resource.loader.FileResourceLoader
2019-03-10 17:57:33,406 - ResourceManager : found om/java/cbean/AbstractBsConditionQuery.vm with loader org.apache.velocity.runtime.resource.loader.FileResourceLoader
2019-03-10 17:57:33,407 - RHS of #set statement is null. Context will not be modified. om/java/cbean/AbstractBsConditionQuery.vm[line 70, column 1]
2019-03-10 17:57:33,410 - RHS of #set statement is null. Context will not be modified. om/java/cbean/AbstractBsConditionQuery.vm[line 70, column 1]
2019-03-10 17:57:33,412 - RHS of #set statement is null. Context will not be modified. om/java/cbean/AbstractBsConditionQuery.vm[line 70, column 1]
2019-03-10 17:57:33,422 - ResourceManager : found om/java/cbean/BsConditionInlineQuery.vm with loader org.apache.velocity.runtime.resource.loader.FileResourceLoader
2019-03-10 17:57:33,423 - RHS of #set statement is null. Context will not be modified. om/java/cbean/BsConditionInlineQuery.vm[line 84, column 1]
2019-03-10 17:57:33,423 - RHS of #set statement is null. Context will not be modified. om/java/cbean/BsConditionInlineQuery.vm[line 84, column 1]
2019-03-10 17:57:33,423 - RHS of #set statement is null. Context will not be modified. om/java/cbean/BsConditionInlineQuery.vm[line 84, column 1]
2019-03-10 17:57:33,438 - ResourceManager : found om/java/cbean/BsConditionQuery.vm with loader org.apache.velocity.runtime.resource.loader.FileResourceLoader
2019-03-10 17:57:33,439 - RHS of #set statement is null. Context will not be modified. om/java/cbean/BsConditionQuery.vm[line 104, column 1]
2019-03-10 17:57:33,439 - RHS of #set statement is null. Context will not be modified. om/java/cbean/BsConditionQuery.vm[line 104, column 1]
2019-03-10 17:57:33,439 - RHS of #set statement is null. Context will not be modified. om/java/cbean/BsConditionQuery.vm[line 104, column 1]
2019-03-10 17:57:33,448 - ResourceManager : found om/java/cbean/NestSelectSetupper.vm with loader org.apache.velocity.runtime.resource.loader.FileResourceLoader
2019-03-10 17:57:33,450 - ResourceManager : found om/java/cbean/ExConditionBean.vm with loader org.apache.velocity.runtime.resource.loader.FileResourceLoader
2019-03-10 17:57:33,455 - ResourceManager : found om/java/cbean/ExConditionQuery.vm with loader org.apache.velocity.runtime.resource.loader.FileResourceLoader
2019-03-10 17:57:33,457 - Null reference [template 'om/ControlGenerateJava.vm', line 293, column 38] : ${glPackageExtendedDao} cannot be resolved.
2019-03-10 17:57:33,458 - Null reference [template 'om/ControlGenerateJava.vm', line 296, column 34] : ${glPackageBaseDao} cannot be resolved.
2019-03-10 17:57:33,470 - ResourceManager : found om/java/bsbhv/BaseBhv.vm with loader org.apache.velocity.runtime.resource.loader.FileResourceLoader
2019-03-10 17:57:33,489 - ResourceManager : found om/java/bsbhv/ReferrerLoader.vm with loader org.apache.velocity.runtime.resource.loader.FileResourceLoader
2019-03-10 17:57:33,496 - ResourceManager : found om/java/bsentity/BaseEntity.vm with loader org.apache.velocity.runtime.resource.loader.FileResourceLoader
2019-03-10 17:57:33,525 - ResourceManager : found om/java/bsentity/dbmeta/DBMetaImpl.vm with loader org.apache.velocity.runtime.resource.loader.FileResourceLoader
2019-03-10 17:57:33,537 - ResourceManager : found om/java/exbhv/ExtendedBhv.vm with loader org.apache.velocity.runtime.resource.loader.FileResourceLoader
2019-03-10 17:57:33,539 - ResourceManager : found om/java/exentity/ExtendedEntity.vm with loader org.apache.velocity.runtime.resource.loader.FileResourceLoader
2019-03-10 17:57:33,546 - ResourceManager : found om/java/cbean/BsConditionBean.vm with loader org.apache.velocity.runtime.resource.loader.FileResourceLoader
2019-03-10 17:57:33,570 - ResourceManager : found om/java/cbean/AbstractBsConditionQuery.vm with loader org.apache.velocity.runtime.resource.loader.FileResourceLoader
2019-03-10 17:57:33,571 - RHS of #set statement is null. Context will not be modified. om/java/cbean/AbstractBsConditionQuery.vm[line 70, column 1]
2019-03-10 17:57:33,572 - RHS of #set statement is null. Context will not be modified. om/java/cbean/AbstractBsConditionQuery.vm[line 70, column 1]
2019-03-10 17:57:33,575 - RHS of #set statement is null. Context will not be modified. om/java/cbean/AbstractBsConditionQuery.vm[line 70, column 1]
2019-03-10 17:57:33,576 - RHS of #set statement is null. Context will not be modified. om/java/cbean/AbstractBsConditionQuery.vm[line 70, column 1]
2019-03-10 17:57:33,577 - RHS of #set statement is null. Context will not be modified. om/java/cbean/AbstractBsConditionQuery.vm[line 70, column 1]
2019-03-10 17:57:33,578 - RHS of #set statement is null. Context will not be modified. om/java/cbean/AbstractBsConditionQuery.vm[line 70, column 1]
2019-03-10 17:57:33,579 - RHS of #set statement is null. Context will not be modified. om/java/cbean/AbstractBsConditionQuery.vm[line 70, column 1]
2019-03-10 17:57:33,580 - RHS of #set statement is null. Context will not be modified. om/java/cbean/AbstractBsConditionQuery.vm[line 70, column 1]
2019-03-10 17:57:33,581 - RHS of #set statement is null. Context will not be modified. om/java/cbean/AbstractBsConditionQuery.vm[line 70, column 1]
2019-03-10 17:57:33,588 - ResourceManager : found om/java/cbean/BsConditionInlineQuery.vm with loader org.apache.velocity.runtime.resource.loader.FileResourceLoader
2019-03-10 17:57:33,588 - RHS of #set statement is null. Context will not be modified. om/java/cbean/BsConditionInlineQuery.vm[line 84, column 1]
2019-03-10 17:57:33,588 - RHS of #set statement is null. Context will not be modified. om/java/cbean/BsConditionInlineQuery.vm[line 84, column 1]
2019-03-10 17:57:33,589 - RHS of #set statement is null. Context will not be modified. om/java/cbean/BsConditionInlineQuery.vm[line 84, column 1]
2019-03-10 17:57:33,589 - RHS of #set statement is null. Context will not be modified. om/java/cbean/BsConditionInlineQuery.vm[line 84, column 1]
2019-03-10 17:57:33,589 - RHS of #set statement is null. Context will not be modified. om/java/cbean/BsConditionInlineQuery.vm[line 84, column 1]
2019-03-10 17:57:33,589 - RHS of #set statement is null. Context will not be modified. om/java/cbean/BsConditionInlineQuery.vm[line 84, column 1]
2019-03-10 17:57:33,589 - RHS of #set statement is null. Context will not be modified. om/java/cbean/BsConditionInlineQuery.vm[line 84, column 1]
2019-03-10 17:57:33,589 - RHS of #set statement is null. Context will not be modified. om/java/cbean/BsConditionInlineQuery.vm[line 84, column 1]
2019-03-10 17:57:33,589 - RHS of #set statement is null. Context will not be modified. om/java/cbean/BsConditionInlineQuery.vm[line 84, column 1]
2019-03-10 17:57:33,597 - ResourceManager : found om/java/cbean/BsConditionQuery.vm with loader org.apache.velocity.runtime.resource.loader.FileResourceLoader
2019-03-10 17:57:33,598 - RHS of #set statement is null. Context will not be modified. om/java/cbean/BsConditionQuery.vm[line 104, column 1]
2019-03-10 17:57:33,598 - RHS of #set statement is null. Context will not be modified. om/java/cbean/BsConditionQuery.vm[line 104, column 1]
2019-03-10 17:57:33,598 - RHS of #set statement is null. Context will not be modified. om/java/cbean/BsConditionQuery.vm[line 104, column 1]
2019-03-10 17:57:33,598 - RHS of #set statement is null. Context will not be modified. om/java/cbean/BsConditionQuery.vm[line 104, column 1]
2019-03-10 17:57:33,599 - RHS of #set statement is null. Context will not be modified. om/java/cbean/BsConditionQuery.vm[line 104, column 1]
2019-03-10 17:57:33,599 - RHS of #set statement is null. Context will not be modified. om/java/cbean/BsConditionQuery.vm[line 104, column 1]
2019-03-10 17:57:33,599 - RHS of #set statement is null. Context will not be modified. om/java/cbean/BsConditionQuery.vm[line 104, column 1]
2019-03-10 17:57:33,599 - RHS of #set statement is null. Context will not be modified. om/java/cbean/BsConditionQuery.vm[line 104, column 1]
2019-03-10 17:57:33,599 - RHS of #set statement is null. Context will not be modified. om/java/cbean/BsConditionQuery.vm[line 104, column 1]
2019-03-10 17:57:33,603 - ResourceManager : found om/java/cbean/NestSelectSetupper.vm with loader org.apache.velocity.runtime.resource.loader.FileResourceLoader
2019-03-10 17:57:33,605 - ResourceManager : found om/java/cbean/ExConditionBean.vm with loader org.apache.velocity.runtime.resource.loader.FileResourceLoader
2019-03-10 17:57:33,606 - ResourceManager : found om/java/cbean/ExConditionQuery.vm with loader org.apache.velocity.runtime.resource.loader.FileResourceLoader
2019-03-10 17:57:33,608 - Null reference [template 'om/ControlGenerateJava.vm', line 293, column 38] : ${glPackageExtendedDao} cannot be resolved.
2019-03-10 17:57:33,608 - Null reference [template 'om/ControlGenerateJava.vm', line 296, column 34] : ${glPackageBaseDao} cannot be resolved.
2019-03-10 17:57:33,620 - ResourceManager : found om/java/bsbhv/BaseBhv.vm with loader org.apache.velocity.runtime.resource.loader.FileResourceLoader
2019-03-10 17:57:33,651 - ResourceManager : found om/java/bsbhv/ReferrerLoader.vm with loader org.apache.velocity.runtime.resource.loader.FileResourceLoader
2019-03-10 17:57:33,660 - ResourceManager : found om/java/bsentity/BaseEntity.vm with loader org.apache.velocity.runtime.resource.loader.FileResourceLoader
2019-03-10 17:57:33,680 - ResourceManager : found om/java/bsentity/dbmeta/DBMetaImpl.vm with loader org.apache.velocity.runtime.resource.loader.FileResourceLoader
2019-03-10 17:57:33,693 - ResourceManager : found om/java/exbhv/ExtendedBhv.vm with loader org.apache.velocity.runtime.resource.loader.FileResourceLoader
2019-03-10 17:57:33,696 - ResourceManager : found om/java/exentity/ExtendedEntity.vm with loader org.apache.velocity.runtime.resource.loader.FileResourceLoader
2019-03-10 17:57:33,701 - ResourceManager : found om/java/cbean/BsConditionBean.vm with loader org.apache.velocity.runtime.resource.loader.FileResourceLoader
2019-03-10 17:57:33,728 - ResourceManager : found om/java/cbean/AbstractBsConditionQuery.vm with loader org.apache.velocity.runtime.resource.loader.FileResourceLoader
2019-03-10 17:57:33,728 - RHS of #set statement is null. Context will not be modified. om/java/cbean/AbstractBsConditionQuery.vm[line 70, column 1]
2019-03-10 17:57:33,733 - RHS of #set statement is null. Context will not be modified. om/java/cbean/AbstractBsConditionQuery.vm[line 70, column 1]
2019-03-10 17:57:33,735 - RHS of #set statement is null. Context will not be modified. om/java/cbean/AbstractBsConditionQuery.vm[line 70, column 1]
2019-03-10 17:57:33,736 - RHS of #set statement is null. Context will not be modified. om/java/cbean/AbstractBsConditionQuery.vm[line 70, column 1]
2019-03-10 17:57:33,740 - RHS of #set statement is null. Context will not be modified. om/java/cbean/AbstractBsConditionQuery.vm[line 70, column 1]
2019-03-10 17:57:33,742 - RHS of #set statement is null. Context will not be modified. om/java/cbean/AbstractBsConditionQuery.vm[line 70, column 1]
2019-03-10 17:57:33,744 - RHS of #set statement is null. Context will not be modified. om/java/cbean/AbstractBsConditionQuery.vm[line 70, column 1]
2019-03-10 17:57:33,752 - ResourceManager : found om/java/cbean/BsConditionInlineQuery.vm with loader org.apache.velocity.runtime.resource.loader.FileResourceLoader
2019-03-10 17:57:33,752 - RHS of #set statement is null. Context will not be modified. om/java/cbean/BsConditionInlineQuery.vm[line 84, column 1]
2019-03-10 17:57:33,753 - RHS of #set statement is null. Context will not be modified. om/java/cbean/BsConditionInlineQuery.vm[line 84, column 1]
2019-03-10 17:57:33,753 - RHS of #set statement is null. Context will not be modified. om/java/cbean/BsConditionInlineQuery.vm[line 84, column 1]
2019-03-10 17:57:33,753 - RHS of #set statement is null. Context will not be modified. om/java/cbean/BsConditionInlineQuery.vm[line 84, column 1]
2019-03-10 17:57:33,753 - RHS of #set statement is null. Context will not be modified. om/java/cbean/BsConditionInlineQuery.vm[line 84, column 1]
2019-03-10 17:57:33,753 - RHS of #set statement is null. Context will not be modified. om/java/cbean/BsConditionInlineQuery.vm[line 84, column 1]
2019-03-10 17:57:33,753 - RHS of #set statement is null. Context will not be modified. om/java/cbean/BsConditionInlineQuery.vm[line 84, column 1]
2019-03-10 17:57:33,765 - ResourceManager : found om/java/cbean/BsConditionQuery.vm with loader org.apache.velocity.runtime.resource.loader.FileResourceLoader
2019-03-10 17:57:33,768 - RHS of #set statement is null. Context will not be modified. om/java/cbean/BsConditionQuery.vm[line 104, column 1]
2019-03-10 17:57:33,769 - RHS of #set statement is null. Context will not be modified. om/java/cbean/BsConditionQuery.vm[line 104, column 1]
2019-03-10 17:57:33,770 - RHS of #set statement is null. Context will not be modified. om/java/cbean/BsConditionQuery.vm[line 104, column 1]
2019-03-10 17:57:33,770 - RHS of #set statement is null. Context will not be modified. om/java/cbean/BsConditionQuery.vm[line 104, column 1]
2019-03-10 17:57:33,771 - RHS of #set statement is null. Context will not be modified. om/java/cbean/BsConditionQuery.vm[line 104, column 1]
2019-03-10 17:57:33,772 - RHS of #set statement is null. Context will not be modified. om/java/cbean/BsConditionQuery.vm[line 104, column 1]
2019-03-10 17:57:33,772 - RHS of #set statement is null. Context will not be modified. om/java/cbean/BsConditionQuery.vm[line 104, column 1]
2019-03-10 17:57:33,795 - ResourceManager : found om/java/cbean/NestSelectSetupper.vm with loader org.apache.velocity.runtime.resource.loader.FileResourceLoader
2019-03-10 17:57:33,805 - ResourceManager : found om/java/cbean/ExConditionBean.vm with loader org.apache.velocity.runtime.resource.loader.FileResourceLoader
2019-03-10 17:57:33,811 - ResourceManager : found om/java/cbean/ExConditionQuery.vm with loader org.apache.velocity.runtime.resource.loader.FileResourceLoader
2019-03-10 17:57:33,813 - Null reference [template 'om/ControlGenerateJava.vm', line 293, column 38] : ${glPackageExtendedDao} cannot be resolved.
2019-03-10 17:57:33,813 - Null reference [template 'om/ControlGenerateJava.vm', line 296, column 34] : ${glPackageBaseDao} cannot be resolved.
2019-03-10 17:57:33,831 - ResourceManager : found om/java/bsbhv/BaseBhv.vm with loader org.apache.velocity.runtime.resource.loader.FileResourceLoader
2019-03-10 17:57:33,869 - ResourceManager : found om/java/bsbhv/ReferrerLoader.vm with loader org.apache.velocity.runtime.resource.loader.FileResourceLoader
2019-03-10 17:57:33,882 - ResourceManager : found om/java/bsentity/BaseEntity.vm with loader org.apache.velocity.runtime.resource.loader.FileResourceLoader
2019-03-10 17:57:33,894 - ResourceManager : found om/java/bsentity/dbmeta/DBMetaImpl.vm with loader org.apache.velocity.runtime.resource.loader.FileResourceLoader
2019-03-10 17:57:33,900 - ResourceManager : found om/java/exbhv/ExtendedBhv.vm with loader org.apache.velocity.runtime.resource.loader.FileResourceLoader
2019-03-10 17:57:33,902 - ResourceManager : found om/java/exentity/ExtendedEntity.vm with loader org.apache.velocity.runtime.resource.loader.FileResourceLoader
2019-03-10 17:57:33,909 - ResourceManager : found om/java/cbean/BsConditionBean.vm with loader org.apache.velocity.runtime.resource.loader.FileResourceLoader
2019-03-10 17:57:33,912 - Null reference [template 'om/java/cbean/BsConditionBean.vm', line 681, column 61] : ${relationMethodIdentityName} cannot be resolved.
2019-03-10 17:57:33,913 - Null reference [template 'om/java/cbean/BsConditionBean.vm', line 681, column 61] : ${relationMethodIdentityName} cannot be resolved.
2019-03-10 17:57:33,928 - ResourceManager : found om/java/cbean/AbstractBsConditionQuery.vm with loader org.apache.velocity.runtime.resource.loader.FileResourceLoader
2019-03-10 17:57:33,929 - RHS of #set statement is null. Context will not be modified. om/java/cbean/AbstractBsConditionQuery.vm[line 70, column 1]
2019-03-10 17:57:33,939 - RHS of #set statement is null. Context will not be modified. om/java/cbean/AbstractBsConditionQuery.vm[line 70, column 1]
2019-03-10 17:57:33,940 - RHS of #set statement is null. Context will not be modified. om/java/cbean/AbstractBsConditionQuery.vm[line 70, column 1]
2019-03-10 17:57:33,941 - RHS of #set statement is null. Context will not be modified. om/java/cbean/AbstractBsConditionQuery.vm[line 70, column 1]
2019-03-10 17:57:33,945 - ResourceManager : found om/java/cbean/BsConditionInlineQuery.vm with loader org.apache.velocity.runtime.resource.loader.FileResourceLoader
2019-03-10 17:57:33,946 - RHS of #set statement is null. Context will not be modified. om/java/cbean/BsConditionInlineQuery.vm[line 84, column 1]
2019-03-10 17:57:33,948 - RHS of #set statement is null. Context will not be modified. om/java/cbean/BsConditionInlineQuery.vm[line 84, column 1]
2019-03-10 17:57:33,948 - RHS of #set statement is null. Context will not be modified. om/java/cbean/BsConditionInlineQuery.vm[line 84, column 1]
2019-03-10 17:57:33,948 - RHS of #set statement is null. Context will not be modified. om/java/cbean/BsConditionInlineQuery.vm[line 84, column 1]
2019-03-10 17:57:33,956 - ResourceManager : found om/java/cbean/BsConditionQuery.vm with loader org.apache.velocity.runtime.resource.loader.FileResourceLoader
2019-03-10 17:57:33,957 - RHS of #set statement is null. Context will not be modified. om/java/cbean/BsConditionQuery.vm[line 104, column 1]
2019-03-10 17:57:33,960 - RHS of #set statement is null. Context will not be modified. om/java/cbean/BsConditionQuery.vm[line 104, column 1]
2019-03-10 17:57:33,960 - RHS of #set statement is null. Context will not be modified. om/java/cbean/BsConditionQuery.vm[line 104, column 1]
2019-03-10 17:57:33,960 - RHS of #set statement is null. Context will not be modified. om/java/cbean/BsConditionQuery.vm[line 104, column 1]
2019-03-10 17:57:33,961 - ResourceManager : found om/java/cbean/ExConditionBean.vm with loader org.apache.velocity.runtime.resource.loader.FileResourceLoader
2019-03-10 17:57:33,962 - ResourceManager : found om/java/cbean/ExConditionQuery.vm with loader org.apache.velocity.runtime.resource.loader.FileResourceLoader
2019-03-10 17:57:33,963 - Null reference [template 'om/ControlGenerateJava.vm', line 293, column 38] : ${glPackageExtendedDao} cannot be resolved.
2019-03-10 17:57:33,964 - Null reference [template 'om/ControlGenerateJava.vm', line 296, column 34] : ${glPackageBaseDao} cannot be resolved.
2019-03-10 17:57:33,987 - ResourceManager : found om/java/bsbhv/BaseBhv.vm with loader org.apache.velocity.runtime.resource.loader.FileResourceLoader
2019-03-10 17:57:34,009 - ResourceManager : found om/java/bsbhv/ReferrerLoader.vm with loader org.apache.velocity.runtime.resource.loader.FileResourceLoader
2019-03-10 17:57:34,016 - ResourceManager : found om/java/bsentity/BaseEntity.vm with loader org.apache.velocity.runtime.resource.loader.FileResourceLoader
2019-03-10 17:57:34,034 - ResourceManager : found om/java/bsentity/dbmeta/DBMetaImpl.vm with loader org.apache.velocity.runtime.resource.loader.FileResourceLoader
2019-03-10 17:57:34,044 - ResourceManager : found om/java/exbhv/ExtendedBhv.vm with loader org.apache.velocity.runtime.resource.loader.FileResourceLoader
2019-03-10 17:57:34,045 - ResourceManager : found om/java/exentity/ExtendedEntity.vm with loader org.apache.velocity.runtime.resource.loader.FileResourceLoader
2019-03-10 17:57:34,050 - ResourceManager : found om/java/cbean/BsConditionBean.vm with loader org.apache.velocity.runtime.resource.loader.FileResourceLoader
2019-03-10 17:57:34,071 - ResourceManager : found om/java/cbean/AbstractBsConditionQuery.vm with loader org.apache.velocity.runtime.resource.loader.FileResourceLoader
2019-03-10 17:57:34,074 - RHS of #set statement is null. Context will not be modified. om/java/cbean/AbstractBsConditionQuery.vm[line 70, column 1]
2019-03-10 17:57:34,075 - RHS of #set statement is null. Context will not be modified. om/java/cbean/AbstractBsConditionQuery.vm[line 70, column 1]
2019-03-10 17:57:34,076 - RHS of #set statement is null. Context will not be modified. om/java/cbean/AbstractBsConditionQuery.vm[line 70, column 1]
2019-03-10 17:57:34,079 - RHS of #set statement is null. Context will not be modified. om/java/cbean/AbstractBsConditionQuery.vm[line 70, column 1]
2019-03-10 17:57:34,080 - RHS of #set statement is null. Context will not be modified. om/java/cbean/AbstractBsConditionQuery.vm[line 70, column 1]
2019-03-10 17:57:34,081 - RHS of #set statement is null. Context will not be modified. om/java/cbean/AbstractBsConditionQuery.vm[line 70, column 1]
2019-03-10 17:57:34,088 - ResourceManager : found om/java/cbean/BsConditionInlineQuery.vm with loader org.apache.velocity.runtime.resource.loader.FileResourceLoader
2019-03-10 17:57:34,088 - RHS of #set statement is null. Context will not be modified. om/java/cbean/BsConditionInlineQuery.vm[line 84, column 1]
2019-03-10 17:57:34,089 - RHS of #set statement is null. Context will not be modified. om/java/cbean/BsConditionInlineQuery.vm[line 84, column 1]
2019-03-10 17:57:34,089 - RHS of #set statement is null. Context will not be modified. om/java/cbean/BsConditionInlineQuery.vm[line 84, column 1]
2019-03-10 17:57:34,089 - RHS of #set statement is null. Context will not be modified. om/java/cbean/BsConditionInlineQuery.vm[line 84, column 1]
2019-03-10 17:57:34,089 - RHS of #set statement is null. Context will not be modified. om/java/cbean/BsConditionInlineQuery.vm[line 84, column 1]
2019-03-10 17:57:34,089 - RHS of #set statement is null. Context will not be modified. om/java/cbean/BsConditionInlineQuery.vm[line 84, column 1]
2019-03-10 17:57:34,094 - ResourceManager : found om/java/cbean/BsConditionQuery.vm with loader org.apache.velocity.runtime.resource.loader.FileResourceLoader
2019-03-10 17:57:34,095 - RHS of #set statement is null. Context will not be modified. om/java/cbean/BsConditionQuery.vm[line 104, column 1]
2019-03-10 17:57:34,095 - RHS of #set statement is null. Context will not be modified. om/java/cbean/BsConditionQuery.vm[line 104, column 1]
2019-03-10 17:57:34,095 - RHS of #set statement is null. Context will not be modified. om/java/cbean/BsConditionQuery.vm[line 104, column 1]
2019-03-10 17:57:34,095 - RHS of #set statement is null. Context will not be modified. om/java/cbean/BsConditionQuery.vm[line 104, column 1]
2019-03-10 17:57:34,096 - RHS of #set statement is null. Context will not be modified. om/java/cbean/BsConditionQuery.vm[line 104, column 1]
2019-03-10 17:57:34,096 - RHS of #set statement is null. Context will not be modified. om/java/cbean/BsConditionQuery.vm[line 104, column 1]
2019-03-10 17:57:34,101 - ResourceManager : found om/java/cbean/NestSelectSetupper.vm with loader org.apache.velocity.runtime.resource.loader.FileResourceLoader
2019-03-10 17:57:34,103 - ResourceManager : found om/java/cbean/ExConditionBean.vm with loader org.apache.velocity.runtime.resource.loader.FileResourceLoader
2019-03-10 17:57:34,104 - ResourceManager : found om/java/cbean/ExConditionQuery.vm with loader org.apache.velocity.runtime.resource.loader.FileResourceLoader
2019-03-10 17:57:34,105 - Null reference [template 'om/ControlGenerateJava.vm', line 293, column 38] : ${glPackageExtendedDao} cannot be resolved.
2019-03-10 17:57:34,105 - Null reference [template 'om/ControlGenerateJava.vm', line 296, column 34] : ${glPackageBaseDao} cannot be resolved.
2019-03-10 17:57:34,117 - ResourceManager : found om/java/bsbhv/BaseBhv.vm with loader org.apache.velocity.runtime.resource.loader.FileResourceLoader
2019-03-10 17:57:34,141 - ResourceManager : found om/java/bsbhv/ReferrerLoader.vm with loader org.apache.velocity.runtime.resource.loader.FileResourceLoader
2019-03-10 17:57:34,159 - ResourceManager : found om/java/bsentity/BaseEntity.vm with loader org.apache.velocity.runtime.resource.loader.FileResourceLoader
2019-03-10 17:57:34,196 - ResourceManager : found om/java/bsentity/dbmeta/DBMetaImpl.vm with loader org.apache.velocity.runtime.resource.loader.FileResourceLoader
2019-03-10 17:57:34,216 - ResourceManager : found om/java/exbhv/ExtendedBhv.vm with loader org.apache.velocity.runtime.resource.loader.FileResourceLoader
2019-03-10 17:57:34,218 - ResourceManager : found om/java/exentity/ExtendedEntity.vm with loader org.apache.velocity.runtime.resource.loader.FileResourceLoader
2019-03-10 17:57:34,223 - ResourceManager : found om/java/cbean/BsConditionBean.vm with loader org.apache.velocity.runtime.resource.loader.FileResourceLoader
2019-03-10 17:57:34,230 - Null reference [template 'om/java/cbean/BsConditionBean.vm', line 681, column 61] : ${relationMethodIdentityName} cannot be resolved.
2019-03-10 17:57:34,245 - ResourceManager : found om/java/cbean/AbstractBsConditionQuery.vm with loader org.apache.velocity.runtime.resource.loader.FileResourceLoader
2019-03-10 17:57:34,245 - RHS of #set statement is null. Context will not be modified. om/java/cbean/AbstractBsConditionQuery.vm[line 70, column 1]
2019-03-10 17:57:34,251 - RHS of #set statement is null. Context will not be modified. om/java/cbean/AbstractBsConditionQuery.vm[line 70, column 1]
2019-03-10 17:57:34,252 - RHS of #set statement is null. Context will not be modified. om/java/cbean/AbstractBsConditionQuery.vm[line 70, column 1]
2019-03-10 17:57:34,257 - RHS of #set statement is null. Context will not be modified. om/java/cbean/AbstractBsConditionQuery.vm[line 70, column 1]
2019-03-10 17:57:34,258 - RHS of #set statement is null. Context will not be modified. om/java/cbean/AbstractBsConditionQuery.vm[line 70, column 1]
2019-03-10 17:57:34,258 - RHS of #set statement is null. Context will not be modified. om/java/cbean/AbstractBsConditionQuery.vm[line 70, column 1]
2019-03-10 17:57:34,259 - RHS of #set statement is null. Context will not be modified. om/java/cbean/AbstractBsConditionQuery.vm[line 70, column 1]
2019-03-10 17:57:34,260 - RHS of #set statement is null. Context will not be modified. om/java/cbean/AbstractBsConditionQuery.vm[line 70, column 1]
2019-03-10 17:57:34,261 - RHS of #set statement is null. Context will not be modified. om/java/cbean/AbstractBsConditionQuery.vm[line 70, column 1]
2019-03-10 17:57:34,266 - ResourceManager : found om/java/cbean/BsConditionInlineQuery.vm with loader org.apache.velocity.runtime.resource.loader.FileResourceLoader
2019-03-10 17:57:34,266 - RHS of #set statement is null. Context will not be modified. om/java/cbean/BsConditionInlineQuery.vm[line 84, column 1]
2019-03-10 17:57:34,267 - RHS of #set statement is null. Context will not be modified. om/java/cbean/BsConditionInlineQuery.vm[line 84, column 1]
2019-03-10 17:57:34,267 - RHS of #set statement is null. Context will not be modified. om/java/cbean/BsConditionInlineQuery.vm[line 84, column 1]
2019-03-10 17:57:34,267 - RHS of #set statement is null. Context will not be modified. om/java/cbean/BsConditionInlineQuery.vm[line 84, column 1]
2019-03-10 17:57:34,267 - RHS of #set statement is null. Context will not be modified. om/java/cbean/BsConditionInlineQuery.vm[line 84, column 1]
2019-03-10 17:57:34,267 - RHS of #set statement is null. Context will not be modified. om/java/cbean/BsConditionInlineQuery.vm[line 84, column 1]
2019-03-10 17:57:34,267 - RHS of #set statement is null. Context will not be modified. om/java/cbean/BsConditionInlineQuery.vm[line 84, column 1]
2019-03-10 17:57:34,268 - RHS of #set statement is null. Context will not be modified. om/java/cbean/BsConditionInlineQuery.vm[line 84, column 1]
2019-03-10 17:57:34,268 - RHS of #set statement is null. Context will not be modified. om/java/cbean/BsConditionInlineQuery.vm[line 84, column 1]
2019-03-10 17:57:34,273 - ResourceManager : found om/java/cbean/BsConditionQuery.vm with loader org.apache.velocity.runtime.resource.loader.FileResourceLoader
2019-03-10 17:57:34,273 - RHS of #set statement is null. Context will not be modified. om/java/cbean/BsConditionQuery.vm[line 104, column 1]
2019-03-10 17:57:34,275 - RHS of #set statement is null. Context will not be modified. om/java/cbean/BsConditionQuery.vm[line 104, column 1]
2019-03-10 17:57:34,276 - RHS of #set statement is null. Context will not be modified. om/java/cbean/BsConditionQuery.vm[line 104, column 1]
2019-03-10 17:57:34,276 - RHS of #set statement is null. Context will not be modified. om/java/cbean/BsConditionQuery.vm[line 104, column 1]
2019-03-10 17:57:34,276 - RHS of #set statement is null. Context will not be modified. om/java/cbean/BsConditionQuery.vm[line 104, column 1]
2019-03-10 17:57:34,276 - RHS of #set statement is null. Context will not be modified. om/java/cbean/BsConditionQuery.vm[line 104, column 1]
2019-03-10 17:57:34,276 - RHS of #set statement is null. Context will not be modified. om/java/cbean/BsConditionQuery.vm[line 104, column 1]
2019-03-10 17:57:34,277 - RHS of #set statement is null. Context will not be modified. om/java/cbean/BsConditionQuery.vm[line 104, column 1]
2019-03-10 17:57:34,277 - RHS of #set statement is null. Context will not be modified. om/java/cbean/BsConditionQuery.vm[line 104, column 1]
2019-03-10 17:57:34,283 - ResourceManager : found om/java/cbean/NestSelectSetupper.vm with loader org.apache.velocity.runtime.resource.loader.FileResourceLoader
2019-03-10 17:57:34,285 - ResourceManager : found om/java/cbean/ExConditionBean.vm with loader org.apache.velocity.runtime.resource.loader.FileResourceLoader
2019-03-10 17:57:34,286 - ResourceManager : found om/java/cbean/ExConditionQuery.vm with loader org.apache.velocity.runtime.resource.loader.FileResourceLoader
2019-03-10 17:57:34,287 - Null reference [template 'om/ControlGenerateJava.vm', line 293, column 38] : ${glPackageExtendedDao} cannot be resolved.
2019-03-10 17:57:34,288 - Null reference [template 'om/ControlGenerateJava.vm', line 296, column 34] : ${glPackageBaseDao} cannot be resolved.
2019-03-10 17:57:34,296 - ResourceManager : found om/java/bsbhv/BaseBhv.vm with loader org.apache.velocity.runtime.resource.loader.FileResourceLoader
2019-03-10 17:57:34,312 - ResourceManager : found om/java/bsbhv/ReferrerLoader.vm with loader org.apache.velocity.runtime.resource.loader.FileResourceLoader
2019-03-10 17:57:34,322 - ResourceManager : found om/java/bsentity/BaseEntity.vm with loader org.apache.velocity.runtime.resource.loader.FileResourceLoader
2019-03-10 17:57:34,335 - ResourceManager : found om/java/bsentity/dbmeta/DBMetaImpl.vm with loader org.apache.velocity.runtime.resource.loader.FileResourceLoader
2019-03-10 17:57:34,342 - ResourceManager : found om/java/exbhv/ExtendedBhv.vm with loader org.apache.velocity.runtime.resource.loader.FileResourceLoader
2019-03-10 17:57:34,343 - ResourceManager : found om/java/exentity/ExtendedEntity.vm with loader org.apache.velocity.runtime.resource.loader.FileResourceLoader
2019-03-10 17:57:34,349 - ResourceManager : found om/java/cbean/BsConditionBean.vm with loader org.apache.velocity.runtime.resource.loader.FileResourceLoader
2019-03-10 17:57:34,355 - Null reference [template 'om/java/cbean/BsConditionBean.vm', line 681, column 61] : ${relationMethodIdentityName} cannot be resolved.
2019-03-10 17:57:34,356 - Null reference [template 'om/java/cbean/BsConditionBean.vm', line 681, column 61] : ${relationMethodIdentityName} cannot be resolved.
2019-03-10 17:57:34,372 - ResourceManager : found om/java/cbean/AbstractBsConditionQuery.vm with loader org.apache.velocity.runtime.resource.loader.FileResourceLoader
2019-03-10 17:57:34,373 - RHS of #set statement is null. Context will not be modified. om/java/cbean/AbstractBsConditionQuery.vm[line 70, column 1]
2019-03-10 17:57:34,389 - RHS of #set statement is null. Context will not be modified. om/java/cbean/AbstractBsConditionQuery.vm[line 70, column 1]
2019-03-10 17:57:34,398 - ResourceManager : found om/java/cbean/BsConditionInlineQuery.vm with loader org.apache.velocity.runtime.resource.loader.FileResourceLoader
2019-03-10 17:57:34,398 - RHS of #set statement is null. Context will not be modified. om/java/cbean/BsConditionInlineQuery.vm[line 84, column 1]
2019-03-10 17:57:34,402 - RHS of #set statement is null. Context will not be modified. om/java/cbean/BsConditionInlineQuery.vm[line 84, column 1]
2019-03-10 17:57:34,412 - ResourceManager : found om/java/cbean/BsConditionQuery.vm with loader org.apache.velocity.runtime.resource.loader.FileResourceLoader
2019-03-10 17:57:34,412 - RHS of #set statement is null. Context will not be modified. om/java/cbean/BsConditionQuery.vm[line 104, column 1]
2019-03-10 17:57:34,417 - RHS of #set statement is null. Context will not be modified. om/java/cbean/BsConditionQuery.vm[line 104, column 1]
2019-03-10 17:57:34,421 - ResourceManager : found om/java/cbean/NestSelectSetupper.vm with loader org.apache.velocity.runtime.resource.loader.FileResourceLoader
2019-03-10 17:57:34,422 - ResourceManager : found om/java/cbean/ExConditionBean.vm with loader org.apache.velocity.runtime.resource.loader.FileResourceLoader
2019-03-10 17:57:34,423 - ResourceManager : found om/java/cbean/ExConditionQuery.vm with loader org.apache.velocity.runtime.resource.loader.FileResourceLoader
2019-03-10 17:57:34,423 - Null reference [template 'om/ControlGenerateJava.vm', line 293, column 38] : ${glPackageExtendedDao} cannot be resolved.
2019-03-10 17:57:34,424 - Null reference [template 'om/ControlGenerateJava.vm', line 296, column 34] : ${glPackageBaseDao} cannot be resolved.
2019-03-10 17:57:34,435 - ResourceManager : found om/java/bsbhv/BaseBhv.vm with loader org.apache.velocity.runtime.resource.loader.FileResourceLoader
2019-03-10 17:57:34,462 - ResourceManager : found om/java/bsbhv/ReferrerLoader.vm with loader org.apache.velocity.runtime.resource.loader.FileResourceLoader
2019-03-10 17:57:34,468 - ResourceManager : found om/java/bsentity/BaseEntity.vm with loader org.apache.velocity.runtime.resource.loader.FileResourceLoader
2019-03-10 17:57:34,486 - ResourceManager : found om/java/bsentity/dbmeta/DBMetaImpl.vm with loader org.apache.velocity.runtime.resource.loader.FileResourceLoader
2019-03-10 17:57:34,493 - ResourceManager : found om/java/exbhv/ExtendedBhv.vm with loader org.apache.velocity.runtime.resource.loader.FileResourceLoader
2019-03-10 17:57:34,494 - ResourceManager : found om/java/exentity/ExtendedEntity.vm with loader org.apache.velocity.runtime.resource.loader.FileResourceLoader
2019-03-10 17:57:34,500 - ResourceManager : found om/java/cbean/BsConditionBean.vm with loader org.apache.velocity.runtime.resource.loader.FileResourceLoader
2019-03-10 17:57:34,502 - Null reference [template 'om/java/cbean/BsConditionBean.vm', line 681, column 61] : ${relationMethodIdentityName} cannot be resolved.
2019-03-10 17:57:34,516 - ResourceManager : found om/java/cbean/AbstractBsConditionQuery.vm with loader org.apache.velocity.runtime.resource.loader.FileResourceLoader
2019-03-10 17:57:34,516 - RHS of #set statement is null. Context will not be modified. om/java/cbean/AbstractBsConditionQuery.vm[line 70, column 1]
2019-03-10 17:57:34,522 - RHS of #set statement is null. Context will not be modified. om/java/cbean/AbstractBsConditionQuery.vm[line 70, column 1]
2019-03-10 17:57:34,523 - RHS of #set statement is null. Context will not be modified. om/java/cbean/AbstractBsConditionQuery.vm[line 70, column 1]
2019-03-10 17:57:34,527 - ResourceManager : found om/java/cbean/BsConditionInlineQuery.vm with loader org.apache.velocity.runtime.resource.loader.FileResourceLoader
2019-03-10 17:57:34,527 - RHS of #set statement is null. Context will not be modified. om/java/cbean/BsConditionInlineQuery.vm[line 84, column 1]
2019-03-10 17:57:34,528 - RHS of #set statement is null. Context will not be modified. om/java/cbean/BsConditionInlineQuery.vm[line 84, column 1]
2019-03-10 17:57:34,528 - RHS of #set statement is null. Context will not be modified. om/java/cbean/BsConditionInlineQuery.vm[line 84, column 1]
2019-03-10 17:57:34,537 - ResourceManager : found om/java/cbean/BsConditionQuery.vm with loader org.apache.velocity.runtime.resource.loader.FileResourceLoader
2019-03-10 17:57:34,537 - RHS of #set statement is null. Context will not be modified. om/java/cbean/BsConditionQuery.vm[line 104, column 1]
2019-03-10 17:57:34,539 - RHS of #set statement is null. Context will not be modified. om/java/cbean/BsConditionQuery.vm[line 104, column 1]
2019-03-10 17:57:34,539 - RHS of #set statement is null. Context will not be modified. om/java/cbean/BsConditionQuery.vm[line 104, column 1]
2019-03-10 17:57:34,540 - ResourceManager : found om/java/cbean/ExConditionBean.vm with loader org.apache.velocity.runtime.resource.loader.FileResourceLoader
2019-03-10 17:57:34,542 - ResourceManager : found om/java/cbean/ExConditionQuery.vm with loader org.apache.velocity.runtime.resource.loader.FileResourceLoader
2019-03-10 17:57:34,543 - Null reference [template 'om/ControlGenerateJava.vm', line 293, column 38] : ${glPackageExtendedDao} cannot be resolved.
2019-03-10 17:57:34,543 - Null reference [template 'om/ControlGenerateJava.vm', line 296, column 34] : ${glPackageBaseDao} cannot be resolved.
2019-03-10 17:57:34,551 - ResourceManager : found om/java/bsbhv/BaseBhv.vm with loader org.apache.velocity.runtime.resource.loader.FileResourceLoader
2019-03-10 17:57:34,585 - ResourceManager : found om/java/bsbhv/ReferrerLoader.vm with loader org.apache.velocity.runtime.resource.loader.FileResourceLoader
2019-03-10 17:57:34,602 - ResourceManager : found om/java/bsentity/BaseEntity.vm with loader org.apache.velocity.runtime.resource.loader.FileResourceLoader
2019-03-10 17:57:34,619 - ResourceManager : found om/java/bsentity/dbmeta/DBMetaImpl.vm with loader org.apache.velocity.runtime.resource.loader.FileResourceLoader
2019-03-10 17:57:34,631 - ResourceManager : found om/java/exbhv/ExtendedBhv.vm with loader org.apache.velocity.runtime.resource.loader.FileResourceLoader
2019-03-10 17:57:34,633 - ResourceManager : found om/java/exentity/ExtendedEntity.vm with loader org.apache.velocity.runtime.resource.loader.FileResourceLoader
2019-03-10 17:57:34,639 - ResourceManager : found om/java/cbean/BsConditionBean.vm with loader org.apache.velocity.runtime.resource.loader.FileResourceLoader
2019-03-10 17:57:34,649 - Null reference [template 'om/java/cbean/BsConditionBean.vm', line 681, column 61] : ${relationMethodIdentityName} cannot be resolved.
2019-03-10 17:57:34,662 - ResourceManager : found om/java/cbean/AbstractBsConditionQuery.vm with loader org.apache.velocity.runtime.resource.loader.FileResourceLoader
2019-03-10 17:57:34,663 - RHS of #set statement is null. Context will not be modified. om/java/cbean/AbstractBsConditionQuery.vm[line 70, column 1]
2019-03-10 17:57:34,670 - RHS of #set statement is null. Context will not be modified. om/java/cbean/AbstractBsConditionQuery.vm[line 70, column 1]
2019-03-10 17:57:34,671 - RHS of #set statement is null. Context will not be modified. om/java/cbean/AbstractBsConditionQuery.vm[line 70, column 1]
2019-03-10 17:57:34,671 - RHS of #set statement is null. Context will not be modified. om/java/cbean/AbstractBsConditionQuery.vm[line 70, column 1]
2019-03-10 17:57:34,672 - RHS of #set statement is null. Context will not be modified. om/java/cbean/AbstractBsConditionQuery.vm[line 70, column 1]
2019-03-10 17:57:34,678 - RHS of #set statement is null. Context will not be modified. om/java/cbean/AbstractBsConditionQuery.vm[line 70, column 1]
2019-03-10 17:57:34,679 - RHS of #set statement is null. Context will not be modified. om/java/cbean/AbstractBsConditionQuery.vm[line 70, column 1]
2019-03-10 17:57:34,680 - RHS of #set statement is null. Context will not be modified. om/java/cbean/AbstractBsConditionQuery.vm[line 70, column 1]
2019-03-10 17:57:34,681 - RHS of #set statement is null. Context will not be modified. om/java/cbean/AbstractBsConditionQuery.vm[line 70, column 1]
2019-03-10 17:57:34,682 - RHS of #set statement is null. Context will not be modified. om/java/cbean/AbstractBsConditionQuery.vm[line 70, column 1]
2019-03-10 17:57:34,688 - ResourceManager : found om/java/cbean/BsConditionInlineQuery.vm with loader org.apache.velocity.runtime.resource.loader.FileResourceLoader
2019-03-10 17:57:34,688 - RHS of #set statement is null. Context will not be modified. om/java/cbean/BsConditionInlineQuery.vm[line 84, column 1]
2019-03-10 17:57:34,690 - RHS of #set statement is null. Context will not be modified. om/java/cbean/BsConditionInlineQuery.vm[line 84, column 1]
2019-03-10 17:57:34,690 - RHS of #set statement is null. Context will not be modified. om/java/cbean/BsConditionInlineQuery.vm[line 84, column 1]
2019-03-10 17:57:34,690 - RHS of #set statement is null. Context will not be modified. om/java/cbean/BsConditionInlineQuery.vm[line 84, column 1]
2019-03-10 17:57:34,690 - RHS of #set statement is null. Context will not be modified. om/java/cbean/BsConditionInlineQuery.vm[line 84, column 1]
2019-03-10 17:57:34,690 - RHS of #set statement is null. Context will not be modified. om/java/cbean/BsConditionInlineQuery.vm[line 84, column 1]
2019-03-10 17:57:34,690 - RHS of #set statement is null. Context will not be modified. om/java/cbean/BsConditionInlineQuery.vm[line 84, column 1]
2019-03-10 17:57:34,690 - RHS of #set statement is null. Context will not be modified. om/java/cbean/BsConditionInlineQuery.vm[line 84, column 1]
2019-03-10 17:57:34,690 - RHS of #set statement is null. Context will not be modified. om/java/cbean/BsConditionInlineQuery.vm[line 84, column 1]
2019-03-10 17:57:34,690 - RHS of #set statement is null. Context will not be modified. om/java/cbean/BsConditionInlineQuery.vm[line 84, column 1]
2019-03-10 17:57:34,697 - ResourceManager : found om/java/cbean/BsConditionQuery.vm with loader org.apache.velocity.runtime.resource.loader.FileResourceLoader
2019-03-10 17:57:34,698 - RHS of #set statement is null. Context will not be modified. om/java/cbean/BsConditionQuery.vm[line 104, column 1]
2019-03-10 17:57:34,699 - RHS of #set statement is null. Context will not be modified. om/java/cbean/BsConditionQuery.vm[line 104, column 1]
2019-03-10 17:57:34,699 - RHS of #set statement is null. Context will not be modified. om/java/cbean/BsConditionQuery.vm[line 104, column 1]
2019-03-10 17:57:34,699 - RHS of #set statement is null. Context will not be modified. om/java/cbean/BsConditionQuery.vm[line 104, column 1]
2019-03-10 17:57:34,700 - RHS of #set statement is null. Context will not be modified. om/java/cbean/BsConditionQuery.vm[line 104, column 1]
2019-03-10 17:57:34,700 - RHS of #set statement is null. Context will not be modified. om/java/cbean/BsConditionQuery.vm[line 104, column 1]
2019-03-10 17:57:34,700 - RHS of #set statement is null. Context will not be modified. om/java/cbean/BsConditionQuery.vm[line 104, column 1]
2019-03-10 17:57:34,700 - RHS of #set statement is null. Context will not be modified. om/java/cbean/BsConditionQuery.vm[line 104, column 1]
2019-03-10 17:57:34,700 - RHS of #set statement is null. Context will not be modified. om/java/cbean/BsConditionQuery.vm[line 104, column 1]
2019-03-10 17:57:34,700 - RHS of #set statement is null. Context will not be modified. om/java/cbean/BsConditionQuery.vm[line 104, column 1]
2019-03-10 17:57:34,708 - ResourceManager : found om/java/cbean/NestSelectSetupper.vm with loader org.apache.velocity.runtime.resource.loader.FileResourceLoader
2019-03-10 17:57:34,712 - ResourceManager : found om/java/cbean/ExConditionBean.vm with loader org.apache.velocity.runtime.resource.loader.FileResourceLoader
2019-03-10 17:57:34,714 - ResourceManager : found om/java/cbean/ExConditionQuery.vm with loader org.apache.velocity.runtime.resource.loader.FileResourceLoader
2019-03-10 17:57:34,715 - Null reference [template 'om/ControlGenerateJava.vm', line 293, column 38] : ${glPackageExtendedDao} cannot be resolved.
2019-03-10 17:57:34,715 - Null reference [template 'om/ControlGenerateJava.vm', line 296, column 34] : ${glPackageBaseDao} cannot be resolved.
2019-03-10 17:57:34,751 - ResourceManager : found om/java/bsbhv/BaseBhv.vm with loader org.apache.velocity.runtime.resource.loader.FileResourceLoader
2019-03-10 17:57:34,773 - ResourceManager : found om/java/bsbhv/ReferrerLoader.vm with loader org.apache.velocity.runtime.resource.loader.FileResourceLoader
2019-03-10 17:57:34,782 - ResourceManager : found om/java/bsentity/BaseEntity.vm with loader org.apache.velocity.runtime.resource.loader.FileResourceLoader
2019-03-10 17:57:34,814 - ResourceManager : found om/java/bsentity/dbmeta/DBMetaImpl.vm with loader org.apache.velocity.runtime.resource.loader.FileResourceLoader
2019-03-10 17:57:34,821 - ResourceManager : found om/java/exbhv/ExtendedBhv.vm with loader org.apache.velocity.runtime.resource.loader.FileResourceLoader
2019-03-10 17:57:34,823 - ResourceManager : found om/java/exentity/ExtendedEntity.vm with loader org.apache.velocity.runtime.resource.loader.FileResourceLoader
2019-03-10 17:57:34,829 - ResourceManager : found om/java/cbean/BsConditionBean.vm with loader org.apache.velocity.runtime.resource.loader.FileResourceLoader
2019-03-10 17:57:34,844 - ResourceManager : found om/java/cbean/AbstractBsConditionQuery.vm with loader org.apache.velocity.runtime.resource.loader.FileResourceLoader
2019-03-10 17:57:34,844 - RHS of #set statement is null. Context will not be modified. om/java/cbean/AbstractBsConditionQuery.vm[line 70, column 1]
2019-03-10 17:57:34,846 - RHS of #set statement is null. Context will not be modified. om/java/cbean/AbstractBsConditionQuery.vm[line 70, column 1]
2019-03-10 17:57:34,847 - RHS of #set statement is null. Context will not be modified. om/java/cbean/AbstractBsConditionQuery.vm[line 70, column 1]
2019-03-10 17:57:34,847 - RHS of #set statement is null. Context will not be modified. om/java/cbean/AbstractBsConditionQuery.vm[line 70, column 1]
2019-03-10 17:57:34,848 - RHS of #set statement is null. Context will not be modified. om/java/cbean/AbstractBsConditionQuery.vm[line 70, column 1]
2019-03-10 17:57:34,849 - RHS of #set statement is null. Context will not be modified. om/java/cbean/AbstractBsConditionQuery.vm[line 70, column 1]
2019-03-10 17:57:34,851 - RHS of #set statement is null. Context will not be modified. om/java/cbean/AbstractBsConditionQuery.vm[line 70, column 1]
2019-03-10 17:57:34,851 - RHS of #set statement is null. Context will not be modified. om/java/cbean/AbstractBsConditionQuery.vm[line 70, column 1]
2019-03-10 17:57:34,857 - ResourceManager : found om/java/cbean/BsConditionInlineQuery.vm with loader org.apache.velocity.runtime.resource.loader.FileResourceLoader
2019-03-10 17:57:34,857 - RHS of #set statement is null. Context will not be modified. om/java/cbean/BsConditionInlineQuery.vm[line 84, column 1]
2019-03-10 17:57:34,857 - RHS of #set statement is null. Context will not be modified. om/java/cbean/BsConditionInlineQuery.vm[line 84, column 1]
2019-03-10 17:57:34,857 - RHS of #set statement is null. Context will not be modified. om/java/cbean/BsConditionInlineQuery.vm[line 84, column 1]
2019-03-10 17:57:34,857 - RHS of #set statement is null. Context will not be modified. om/java/cbean/BsConditionInlineQuery.vm[line 84, column 1]
2019-03-10 17:57:34,857 - RHS of #set statement is null. Context will not be modified. om/java/cbean/BsConditionInlineQuery.vm[line 84, column 1]
2019-03-10 17:57:34,857 - RHS of #set statement is null. Context will not be modified. om/java/cbean/BsConditionInlineQuery.vm[line 84, column 1]
2019-03-10 17:57:34,857 - RHS of #set statement is null. Context will not be modified. om/java/cbean/BsConditionInlineQuery.vm[line 84, column 1]
2019-03-10 17:57:34,858 - RHS of #set statement is null. Context will not be modified. om/java/cbean/BsConditionInlineQuery.vm[line 84, column 1]
2019-03-10 17:57:34,865 - ResourceManager : found om/java/cbean/BsConditionQuery.vm with loader org.apache.velocity.runtime.resource.loader.FileResourceLoader
2019-03-10 17:57:34,866 - RHS of #set statement is null. Context will not be modified. om/java/cbean/BsConditionQuery.vm[line 104, column 1]
2019-03-10 17:57:34,867 - RHS of #set statement is null. Context will not be modified. om/java/cbean/BsConditionQuery.vm[line 104, column 1]
2019-03-10 17:57:34,867 - RHS of #set statement is null. Context will not be modified. om/java/cbean/BsConditionQuery.vm[line 104, column 1]
2019-03-10 17:57:34,868 - RHS of #set statement is null. Context will not be modified. om/java/cbean/BsConditionQuery.vm[line 104, column 1]
2019-03-10 17:57:34,868 - RHS of #set statement is null. Context will not be modified. om/java/cbean/BsConditionQuery.vm[line 104, column 1]
2019-03-10 17:57:34,868 - RHS of #set statement is null. Context will not be modified. om/java/cbean/BsConditionQuery.vm[line 104, column 1]
2019-03-10 17:57:34,868 - RHS of #set statement is null. Context will not be modified. om/java/cbean/BsConditionQuery.vm[line 104, column 1]
2019-03-10 17:57:34,868 - RHS of #set statement is null. Context will not be modified. om/java/cbean/BsConditionQuery.vm[line 104, column 1]
2019-03-10 17:57:34,874 - ResourceManager : found om/java/cbean/NestSelectSetupper.vm with loader org.apache.velocity.runtime.resource.loader.FileResourceLoader
2019-03-10 17:57:34,878 - ResourceManager : found om/java/cbean/ExConditionBean.vm with loader org.apache.velocity.runtime.resource.loader.FileResourceLoader
2019-03-10 17:57:34,879 - ResourceManager : found om/java/cbean/ExConditionQuery.vm with loader org.apache.velocity.runtime.resource.loader.FileResourceLoader
2019-03-10 17:57:34,881 - Null reference [template 'om/ControlGenerateJava.vm', line 293, column 38] : ${glPackageExtendedDao} cannot be resolved.
2019-03-10 17:57:34,881 - Null reference [template 'om/ControlGenerateJava.vm', line 296, column 34] : ${glPackageBaseDao} cannot be resolved.
2019-03-10 17:57:34,903 - ResourceManager : found om/java/bsbhv/BaseBhv.vm with loader org.apache.velocity.runtime.resource.loader.FileResourceLoader
2019-03-10 17:57:34,918 - ResourceManager : found om/java/bsbhv/ReferrerLoader.vm with loader org.apache.velocity.runtime.resource.loader.FileResourceLoader
2019-03-10 17:57:34,933 - ResourceManager : found om/java/bsentity/BaseEntity.vm with loader org.apache.velocity.runtime.resource.loader.FileResourceLoader
2019-03-10 17:57:34,947 - ResourceManager : found om/java/bsentity/dbmeta/DBMetaImpl.vm with loader org.apache.velocity.runtime.resource.loader.FileResourceLoader
2019-03-10 17:57:34,954 - ResourceManager : found om/java/exbhv/ExtendedBhv.vm with loader org.apache.velocity.runtime.resource.loader.FileResourceLoader
2019-03-10 17:57:34,959 - ResourceManager : found om/java/exentity/ExtendedEntity.vm with loader org.apache.velocity.runtime.resource.loader.FileResourceLoader
2019-03-10 17:57:34,969 - ResourceManager : found om/java/cbean/BsConditionBean.vm with loader org.apache.velocity.runtime.resource.loader.FileResourceLoader
2019-03-10 17:57:34,971 - Null reference [template 'om/java/cbean/BsConditionBean.vm', line 681, column 61] : ${relationMethodIdentityName} cannot be resolved.
2019-03-10 17:57:34,990 - ResourceManager : found om/java/cbean/AbstractBsConditionQuery.vm with loader org.apache.velocity.runtime.resource.loader.FileResourceLoader
2019-03-10 17:57:34,991 - RHS of #set statement is null. Context will not be modified. om/java/cbean/AbstractBsConditionQuery.vm[line 70, column 1]
2019-03-10 17:57:34,997 - RHS of #set statement is null. Context will not be modified. om/java/cbean/AbstractBsConditionQuery.vm[line 70, column 1]
2019-03-10 17:57:35,004 - ResourceManager : found om/java/cbean/BsConditionInlineQuery.vm with loader org.apache.velocity.runtime.resource.loader.FileResourceLoader
2019-03-10 17:57:35,004 - RHS of #set statement is null. Context will not be modified. om/java/cbean/BsConditionInlineQuery.vm[line 84, column 1]
2019-03-10 17:57:35,006 - RHS of #set statement is null. Context will not be modified. om/java/cbean/BsConditionInlineQuery.vm[line 84, column 1]
2019-03-10 17:57:35,015 - ResourceManager : found om/java/cbean/BsConditionQuery.vm with loader org.apache.velocity.runtime.resource.loader.FileResourceLoader
2019-03-10 17:57:35,016 - RHS of #set statement is null. Context will not be modified. om/java/cbean/BsConditionQuery.vm[line 104, column 1]
2019-03-10 17:57:35,018 - RHS of #set statement is null. Context will not be modified. om/java/cbean/BsConditionQuery.vm[line 104, column 1]
2019-03-10 17:57:35,019 - ResourceManager : found om/java/cbean/ExConditionBean.vm with loader org.apache.velocity.runtime.resource.loader.FileResourceLoader
2019-03-10 17:57:35,021 - ResourceManager : found om/java/cbean/ExConditionQuery.vm with loader org.apache.velocity.runtime.resource.loader.FileResourceLoader
2019-03-10 17:57:35,022 - Null reference [template 'om/ControlGenerateJava.vm', line 293, column 38] : ${glPackageExtendedDao} cannot be resolved.
2019-03-10 17:57:35,022 - Null reference [template 'om/ControlGenerateJava.vm', line 296, column 34] : ${glPackageBaseDao} cannot be resolved.
2019-03-10 17:57:35,031 - ResourceManager : found om/java/bsbhv/BaseBhv.vm with loader org.apache.velocity.runtime.resource.loader.FileResourceLoader
2019-03-10 17:57:35,047 - ResourceManager : found om/java/bsbhv/ReferrerLoader.vm with loader org.apache.velocity.runtime.resource.loader.FileResourceLoader
2019-03-10 17:57:35,059 - ResourceManager : found om/java/bsentity/BaseEntity.vm with loader org.apache.velocity.runtime.resource.loader.FileResourceLoader
2019-03-10 17:57:35,098 - ResourceManager : found om/java/bsentity/dbmeta/DBMetaImpl.vm with loader org.apache.velocity.runtime.resource.loader.FileResourceLoader
2019-03-10 17:57:35,104 - ResourceManager : found om/java/exbhv/ExtendedBhv.vm with loader org.apache.velocity.runtime.resource.loader.FileResourceLoader
2019-03-10 17:57:35,105 - ResourceManager : found om/java/exentity/ExtendedEntity.vm with loader org.apache.velocity.runtime.resource.loader.FileResourceLoader
2019-03-10 17:57:35,112 - ResourceManager : found om/java/cbean/BsConditionBean.vm with loader org.apache.velocity.runtime.resource.loader.FileResourceLoader
2019-03-10 17:57:35,114 - Null reference [template 'om/java/cbean/BsConditionBean.vm', line 681, column 61] : ${relationMethodIdentityName} cannot be resolved.
2019-03-10 17:57:35,127 - ResourceManager : found om/java/cbean/AbstractBsConditionQuery.vm with loader org.apache.velocity.runtime.resource.loader.FileResourceLoader
2019-03-10 17:57:35,127 - RHS of #set statement is null. Context will not be modified. om/java/cbean/AbstractBsConditionQuery.vm[line 70, column 1]
2019-03-10 17:57:35,133 - RHS of #set statement is null. Context will not be modified. om/java/cbean/AbstractBsConditionQuery.vm[line 70, column 1]
2019-03-10 17:57:35,134 - RHS of #set statement is null. Context will not be modified. om/java/cbean/AbstractBsConditionQuery.vm[line 70, column 1]
2019-03-10 17:57:35,135 - RHS of #set statement is null. Context will not be modified. om/java/cbean/AbstractBsConditionQuery.vm[line 70, column 1]
2019-03-10 17:57:35,136 - RHS of #set statement is null. Context will not be modified. om/java/cbean/AbstractBsConditionQuery.vm[line 70, column 1]
2019-03-10 17:57:35,137 - RHS of #set statement is null. Context will not be modified. om/java/cbean/AbstractBsConditionQuery.vm[line 70, column 1]
2019-03-10 17:57:35,141 - ResourceManager : found om/java/cbean/BsConditionInlineQuery.vm with loader org.apache.velocity.runtime.resource.loader.FileResourceLoader
2019-03-10 17:57:35,141 - RHS of #set statement is null. Context will not be modified. om/java/cbean/BsConditionInlineQuery.vm[line 84, column 1]
2019-03-10 17:57:35,142 - RHS of #set statement is null. Context will not be modified. om/java/cbean/BsConditionInlineQuery.vm[line 84, column 1]
2019-03-10 17:57:35,142 - RHS of #set statement is null. Context will not be modified. om/java/cbean/BsConditionInlineQuery.vm[line 84, column 1]
2019-03-10 17:57:35,142 - RHS of #set statement is null. Context will not be modified. om/java/cbean/BsConditionInlineQuery.vm[line 84, column 1]
2019-03-10 17:57:35,142 - RHS of #set statement is null. Context will not be modified. om/java/cbean/BsConditionInlineQuery.vm[line 84, column 1]
2019-03-10 17:57:35,142 - RHS of #set statement is null. Context will not be modified. om/java/cbean/BsConditionInlineQuery.vm[line 84, column 1]
2019-03-10 17:57:35,153 - ResourceManager : found om/java/cbean/BsConditionQuery.vm with loader org.apache.velocity.runtime.resource.loader.FileResourceLoader
2019-03-10 17:57:35,153 - RHS of #set statement is null. Context will not be modified. om/java/cbean/BsConditionQuery.vm[line 104, column 1]
2019-03-10 17:57:35,154 - RHS of #set statement is null. Context will not be modified. om/java/cbean/BsConditionQuery.vm[line 104, column 1]
2019-03-10 17:57:35,154 - RHS of #set statement is null. Context will not be modified. om/java/cbean/BsConditionQuery.vm[line 104, column 1]
2019-03-10 17:57:35,155 - RHS of #set statement is null. Context will not be modified. om/java/cbean/BsConditionQuery.vm[line 104, column 1]
2019-03-10 17:57:35,155 - RHS of #set statement is null. Context will not be modified. om/java/cbean/BsConditionQuery.vm[line 104, column 1]
2019-03-10 17:57:35,155 - RHS of #set statement is null. Context will not be modified. om/java/cbean/BsConditionQuery.vm[line 104, column 1]
2019-03-10 17:57:35,156 - ResourceManager : found om/java/cbean/ExConditionBean.vm with loader org.apache.velocity.runtime.resource.loader.FileResourceLoader
2019-03-10 17:57:35,157 - ResourceManager : found om/java/cbean/ExConditionQuery.vm with loader org.apache.velocity.runtime.resource.loader.FileResourceLoader
2019-03-10 17:57:35,158 - Null reference [template 'om/ControlGenerateJava.vm', line 293, column 38] : ${glPackageExtendedDao} cannot be resolved.
2019-03-10 17:57:35,159 - Null reference [template 'om/ControlGenerateJava.vm', line 296, column 34] : ${glPackageBaseDao} cannot be resolved.
2019-03-10 17:57:35,184 - ResourceManager : found om/java/bsbhv/BaseBhv.vm with loader org.apache.velocity.runtime.resource.loader.FileResourceLoader
2019-03-10 17:57:35,210 - ResourceManager : found om/java/bsbhv/ReferrerLoader.vm with loader org.apache.velocity.runtime.resource.loader.FileResourceLoader
2019-03-10 17:57:35,217 - ResourceManager : found om/java/bsentity/BaseEntity.vm with loader org.apache.velocity.runtime.resource.loader.FileResourceLoader
2019-03-10 17:57:35,227 - ResourceManager : found om/java/bsentity/dbmeta/DBMetaImpl.vm with loader org.apache.velocity.runtime.resource.loader.FileResourceLoader
2019-03-10 17:57:35,235 - ResourceManager : found om/java/exbhv/ExtendedBhv.vm with loader org.apache.velocity.runtime.resource.loader.FileResourceLoader
2019-03-10 17:57:35,238 - ResourceManager : found om/java/exentity/ExtendedEntity.vm with loader org.apache.velocity.runtime.resource.loader.FileResourceLoader
2019-03-10 17:57:35,243 - ResourceManager : found om/java/cbean/BsConditionBean.vm with loader org.apache.velocity.runtime.resource.loader.FileResourceLoader
2019-03-10 17:57:35,245 - Null reference [template 'om/java/cbean/BsConditionBean.vm', line 681, column 61] : ${relationMethodIdentityName} cannot be resolved.
2019-03-10 17:57:35,260 - ResourceManager : found om/java/cbean/AbstractBsConditionQuery.vm with loader org.apache.velocity.runtime.resource.loader.FileResourceLoader
2019-03-10 17:57:35,260 - RHS of #set statement is null. Context will not be modified. om/java/cbean/AbstractBsConditionQuery.vm[line 70, column 1]
2019-03-10 17:57:35,270 - RHS of #set statement is null. Context will not be modified. om/java/cbean/AbstractBsConditionQuery.vm[line 70, column 1]
2019-03-10 17:57:35,272 - RHS of #set statement is null. Context will not be modified. om/java/cbean/AbstractBsConditionQuery.vm[line 70, column 1]
2019-03-10 17:57:35,287 - ResourceManager : found om/java/cbean/BsConditionInlineQuery.vm with loader org.apache.velocity.runtime.resource.loader.FileResourceLoader
2019-03-10 17:57:35,287 - RHS of #set statement is null. Context will not be modified. om/java/cbean/BsConditionInlineQuery.vm[line 84, column 1]
2019-03-10 17:57:35,288 - RHS of #set statement is null. Context will not be modified. om/java/cbean/BsConditionInlineQuery.vm[line 84, column 1]
2019-03-10 17:57:35,288 - RHS of #set statement is null. Context will not be modified. om/java/cbean/BsConditionInlineQuery.vm[line 84, column 1]
2019-03-10 17:57:35,300 - ResourceManager : found om/java/cbean/BsConditionQuery.vm with loader org.apache.velocity.runtime.resource.loader.FileResourceLoader
2019-03-10 17:57:35,301 - RHS of #set statement is null. Context will not be modified. om/java/cbean/BsConditionQuery.vm[line 104, column 1]
2019-03-10 17:57:35,303 - RHS of #set statement is null. Context will not be modified. om/java/cbean/BsConditionQuery.vm[line 104, column 1]
2019-03-10 17:57:35,303 - RHS of #set statement is null. Context will not be modified. om/java/cbean/BsConditionQuery.vm[line 104, column 1]
2019-03-10 17:57:35,307 - ResourceManager : found om/java/cbean/ExConditionBean.vm with loader org.apache.velocity.runtime.resource.loader.FileResourceLoader
2019-03-10 17:57:35,309 - ResourceManager : found om/java/cbean/ExConditionQuery.vm with loader org.apache.velocity.runtime.resource.loader.FileResourceLoader
2019-03-10 17:57:37,277 - 
2019-03-10 17:57:37,277 - DfFlutistLog4JLogSystem initialized using logfile './log/velocity.log'
2019-03-10 17:57:37,277 - Initializing Velocity, Calling init()...
2019-03-10 17:57:37,277 - *******************************************************************
2019-03-10 17:57:37,277 - Starting Apache Velocity v1.7 (compiled: 2010-11-19 12:14:37)
2019-03-10 17:57:37,277 - RuntimeInstance initializing.
2019-03-10 17:57:37,277 - Default Properties File: org/apache/velocity/runtime/defaults/velocity.properties
2019-03-10 17:57:37,278 - Trying to use logger class org.dbflute.friends.velocity.DfFlutistLog4JLogSystem
2019-03-10 17:57:37,278 - Using logger class org.dbflute.friends.velocity.DfFlutistLog4JLogSystem
2019-03-10 17:57:37,280 - Default ResourceManager initializing. (class org.apache.velocity.runtime.resource.ResourceManagerImpl)
2019-03-10 17:57:37,284 - ResourceLoader instantiated: org.apache.velocity.runtime.resource.loader.FileResourceLoader
2019-03-10 17:57:37,285 - FileResourceLoader : initialization starting.
2019-03-10 17:57:37,285 - Do unicode file recognition:  false
2019-03-10 17:57:37,285 - FileResourceLoader : adding path '/Users/ryohei/works/java/spring-dbflute-base/mydbflute/dbflute-1.1.9/templates'
2019-03-10 17:57:37,285 - FileResourceLoader : initialization complete.
2019-03-10 17:57:37,298 - ResourceCache: initialized (class org.apache.velocity.runtime.resource.ResourceCacheImpl) with class java.util.Collections$SynchronizedMap cache map.
2019-03-10 17:57:37,298 - Default ResourceManager initialization complete.
2019-03-10 17:57:37,302 - Loaded System Directive: org.apache.velocity.runtime.directive.Stop
2019-03-10 17:57:37,303 - Loaded System Directive: org.apache.velocity.runtime.directive.Define
2019-03-10 17:57:37,303 - Loaded System Directive: org.apache.velocity.runtime.directive.Break
2019-03-10 17:57:37,304 - Loaded System Directive: org.apache.velocity.runtime.directive.Evaluate
2019-03-10 17:57:37,305 - Loaded System Directive: org.apache.velocity.runtime.directive.Literal
2019-03-10 17:57:37,306 - Loaded System Directive: org.apache.velocity.runtime.directive.Macro
2019-03-10 17:57:37,307 - Loaded System Directive: org.apache.velocity.runtime.directive.Parse
2019-03-10 17:57:37,308 - Loaded System Directive: org.apache.velocity.runtime.directive.Include
2019-03-10 17:57:37,309 - Loaded System Directive: org.apache.velocity.runtime.directive.Foreach
2019-03-10 17:57:37,333 - Created '20' parsers.
2019-03-10 17:57:37,339 - Velocimacro : initialization starting.
2019-03-10 17:57:37,339 - Velocimacro : "velocimacro.library" is not set.  Trying default library: VM_global_library.vm
2019-03-10 17:57:37,339 - Velocimacro : Default library not found.
2019-03-10 17:57:37,339 - Velocimacro : allowInline = true : VMs can be defined inline in templates
2019-03-10 17:57:37,339 - Velocimacro : allowInlineToOverride = false : VMs defined inline may NOT replace previous VM definitions
2019-03-10 17:57:37,339 - Velocimacro : allowInlineLocal = false : VMs defined inline will be global in scope if allowed.
2019-03-10 17:57:37,339 - Velocimacro : autoload off : VM system will not automatically reload global library macros
2019-03-10 17:57:37,339 - Velocimacro : Velocimacro : initialization complete.
2019-03-10 17:57:37,339 - RuntimeInstance successfully initialized.
2019-03-10 17:57:37,396 - ResourceManager : found om/ControlSql2EntityJava.vm with loader org.apache.velocity.runtime.resource.loader.FileResourceLoader
